                                      1 ;--------------------------------------------------------
                                      2 ; File Created by SDCC : free open source ISO C Compiler
                                      3 ; Version 4.5.1 #15267 (Linux)
                                      4 ;--------------------------------------------------------
                                      5 	.module bomb_gfx
                                      6 	
                                      7 ;--------------------------------------------------------
                                      8 ; Public variables in this module
                                      9 ;--------------------------------------------------------
                                     10 	.globl _BombSpriteData
                                     11 ;--------------------------------------------------------
                                     12 ; special function registers
                                     13 ;--------------------------------------------------------
                                     14 	.area _HRAM
                                     15 ;--------------------------------------------------------
                                     16 ; ram data
                                     17 ;--------------------------------------------------------
                                     18 	.area _DATA
                                     19 ;--------------------------------------------------------
                                     20 ; ram data
                                     21 ;--------------------------------------------------------
                                     22 	.area _INITIALIZED
                                     23 ;--------------------------------------------------------
                                     24 ; absolute external ram data
                                     25 ;--------------------------------------------------------
                                     26 	.area _DABS (ABS)
                                     27 ;--------------------------------------------------------
                                     28 ; global & static initialisations
                                     29 ;--------------------------------------------------------
                                     30 	.area _HOME
                                     31 	.area _GSINIT
                                     32 	.area _GSFINAL
                                     33 	.area _GSINIT
                                     34 ;--------------------------------------------------------
                                     35 ; Home
                                     36 ;--------------------------------------------------------
                                     37 	.area _HOME
                                     38 	.area _HOME
                                     39 ;--------------------------------------------------------
                                     40 ; code
                                     41 ;--------------------------------------------------------
                                     42 	.area _CODE
                                     43 	.area _CODE
    00000000                         44 _BombSpriteData:
    00000000 18                      45 	.db #0x18	; 24
    00000001 18                      46 	.db #0x18	; 24
    00000002 3C                      47 	.db #0x3c	; 60
    00000003 3C                      48 	.db #0x3c	; 60
    00000004 7E                      49 	.db #0x7e	; 126
    00000005 7E                      50 	.db #0x7e	; 126
    00000006 7E                      51 	.db #0x7e	; 126
    00000007 7E                      52 	.db #0x7e	; 126
    00000008 7E                      53 	.db #0x7e	; 126
    00000009 7E                      54 	.db #0x7e	; 126
    0000000A 7E                      55 	.db #0x7e	; 126
    0000000B 7E                      56 	.db #0x7e	; 126
    0000000C 3C                      57 	.db #0x3c	; 60
    0000000D 3C                      58 	.db #0x3c	; 60
    0000000E 00                      59 	.db #0x00	; 0
    0000000F 00                      60 	.db #0x00	; 0
    00000010 00                      61 	.db #0x00	; 0
    00000011 00                      62 	.db #0x00	; 0
    00000012 18                      63 	.db #0x18	; 24
    00000013 18                      64 	.db #0x18	; 24
    00000014 3C                      65 	.db #0x3c	; 60
    00000015 3C                      66 	.db #0x3c	; 60
    00000016 7E                      67 	.db #0x7e	; 126
    00000017 7E                      68 	.db #0x7e	; 126
    00000018 7E                      69 	.db #0x7e	; 126
    00000019 7E                      70 	.db #0x7e	; 126
    0000001A 3C                      71 	.db #0x3c	; 60
    0000001B 3C                      72 	.db #0x3c	; 60
    0000001C 00                      73 	.db #0x00	; 0
    0000001D 00                      74 	.db #0x00	; 0
    0000001E 00                      75 	.db #0x00	; 0
    0000001F 00                      76 	.db #0x00	; 0
    00000020 00                      77 	.db #0x00	; 0
    00000021 00                      78 	.db #0x00	; 0
    00000022 00                      79 	.db #0x00	; 0
    00000023 00                      80 	.db #0x00	; 0
    00000024 18                      81 	.db #0x18	; 24
    00000025 18                      82 	.db #0x18	; 24
    00000026 3C                      83 	.db #0x3c	; 60
    00000027 3C                      84 	.db #0x3c	; 60
    00000028 3C                      85 	.db #0x3c	; 60
    00000029 3C                      86 	.db #0x3c	; 60
    0000002A 18                      87 	.db #0x18	; 24
    0000002B 18                      88 	.db #0x18	; 24
    0000002C 00                      89 	.db #0x00	; 0
    0000002D 00                      90 	.db #0x00	; 0
    0000002E 00                      91 	.db #0x00	; 0
    0000002F 00                      92 	.db #0x00	; 0
    00000030 C3                      93 	.db #0xc3	; 195
    00000031 C3                      94 	.db #0xc3	; 195
    00000032 A5                      95 	.db #0xa5	; 165
    00000033 A5                      96 	.db #0xa5	; 165
    00000034 3C                      97 	.db #0x3c	; 60
    00000035 3C                      98 	.db #0x3c	; 60
    00000036 7E                      99 	.db #0x7e	; 126
    00000037 7E                     100 	.db #0x7e	; 126
    00000038 7E                     101 	.db #0x7e	; 126
    00000039 7E                     102 	.db #0x7e	; 126
    0000003A 3C                     103 	.db #0x3c	; 60
    0000003B 3C                     104 	.db #0x3c	; 60
    0000003C A5                     105 	.db #0xa5	; 165
    0000003D A5                     106 	.db #0xa5	; 165
    0000003E C3                     107 	.db #0xc3	; 195
    0000003F C3                     108 	.db #0xc3	; 195
    00000040 00                     109 	.db #0x00	; 0
    00000041 00                     110 	.db #0x00	; 0
    00000042 00                     111 	.db #0x00	; 0
    00000043 00                     112 	.db #0x00	; 0
    00000044 FF                     113 	.db #0xff	; 255
    00000045 FF                     114 	.db #0xff	; 255
    00000046 7E                     115 	.db #0x7e	; 126
    00000047 7E                     116 	.db #0x7e	; 126
    00000048 7E                     117 	.db #0x7e	; 126
    00000049 7E                     118 	.db #0x7e	; 126
    0000004A FF                     119 	.db #0xff	; 255
    0000004B FF                     120 	.db #0xff	; 255
    0000004C 00                     121 	.db #0x00	; 0
    0000004D 00                     122 	.db #0x00	; 0
    0000004E 00                     123 	.db #0x00	; 0
    0000004F 00                     124 	.db #0x00	; 0
    00000050 3C                     125 	.db #0x3c	; 60
    00000051 3C                     126 	.db #0x3c	; 60
    00000052 3C                     127 	.db #0x3c	; 60
    00000053 3C                     128 	.db #0x3c	; 60
    00000054 7E                     129 	.db #0x7e	; 126
    00000055 7E                     130 	.db #0x7e	; 126
    00000056 7E                     131 	.db #0x7e	; 126
    00000057 7E                     132 	.db #0x7e	; 126
    00000058 7E                     133 	.db #0x7e	; 126
    00000059 7E                     134 	.db #0x7e	; 126
    0000005A 7E                     135 	.db #0x7e	; 126
    0000005B 7E                     136 	.db #0x7e	; 126
    0000005C 3C                     137 	.db #0x3c	; 60
    0000005D 3C                     138 	.db #0x3c	; 60
    0000005E 3C                     139 	.db #0x3c	; 60
    0000005F 3C                     140 	.db #0x3c	; 60
                                    141 	.area _INITIALIZER
                                    142 	.area _CABS (ABS)
