                                      1 ;--------------------------------------------------------
                                      2 ; File Created by SDCC : free open source ISO C Compiler
                                      3 ; Version 4.5.1 #15267 (Linux)
                                      4 ;--------------------------------------------------------
                                      5 	.module main
                                      6 	
                                      7 ;--------------------------------------------------------
                                      8 ; Public variables in this module
                                      9 ;--------------------------------------------------------
                                     10 	.globl _main
                                     11 	.globl _update_bombs
                                     12 	.globl _init_bombs
                                     13 	.globl _update_cursor
                                     14 	.globl _init_cursor
                                     15 	.globl _play_victory_music
                                     16 	.globl _play_title_music
                                     17 	.globl _play_game_over_music
                                     18 	.globl _update_music
                                     19 	.globl _init_music
                                     20 	.globl _update_rats
                                     21 	.globl _init_rats
                                     22 	.globl _generate_maze
                                     23 	.globl _rand
                                     24 	.globl _initrand
                                     25 	.globl _set_sprite_data
                                     26 	.globl _set_bkg_tiles
                                     27 	.globl _set_bkg_data
                                     28 	.globl _display_off
                                     29 	.globl _wait_vbl_done
                                     30 	.globl _reset
                                     31 	.globl _waitpadup
                                     32 	.globl _joypad
                                     33 ;--------------------------------------------------------
                                     34 ; special function registers
                                     35 ;--------------------------------------------------------
                                     36 	.area _HRAM
                                     37 ;--------------------------------------------------------
                                     38 ; ram data
                                     39 ;--------------------------------------------------------
                                     40 	.area _DATA
                                     41 ;--------------------------------------------------------
                                     42 ; ram data
                                     43 ;--------------------------------------------------------
                                     44 	.area _INITIALIZED
    00000000                         45 _main_prev_keys:
    00000000                         46 	.ds 1
                                     47 ;--------------------------------------------------------
                                     48 ; absolute external ram data
                                     49 ;--------------------------------------------------------
                                     50 	.area _DABS (ABS)
                                     51 ;--------------------------------------------------------
                                     52 ; global & static initialisations
                                     53 ;--------------------------------------------------------
                                     54 	.area _HOME
                                     55 	.area _GSINIT
                                     56 	.area _GSFINAL
                                     57 	.area _GSINIT
                                     58 ;--------------------------------------------------------
                                     59 ; Home
                                     60 ;--------------------------------------------------------
                                     61 	.area _HOME
                                     62 	.area _HOME
                                     63 ;--------------------------------------------------------
                                     64 ; code
                                     65 ;--------------------------------------------------------
                                     66 	.area _CODE
                                     67 ;src/main.c:30: void main(void) {
                                     68 ;	---------------------------------
                                     69 ; Function main
                                     70 ; ---------------------------------
    00000000                         71 _main::
    00000000 E8 F1            [16]   72 	add	sp, #-15
                                     73 ;src/main.c:35: wait_vbl_done();
    00000002 CDr00r00         [24]   74 	call	_wait_vbl_done
                                     75 ;src/main.c:36: set_bkg_data(0, 256, title_bg_tiles);
    00000005 11r00r00         [12]   76 	ld	de, #_title_bg_tiles
    00000008 D5               [16]   77 	push	de
    00000009 AF               [ 4]   78 	xor	a, a
    0000000A 0F               [ 4]   79 	rrca
    0000000B F5               [16]   80 	push	af
    0000000C CDr00r00         [24]   81 	call	_set_bkg_data
    0000000F E8 04            [16]   82 	add	sp, #4
                                     83 ;src/main.c:37: set_bkg_tiles(0, 0, 20, 18, title_bg_map);
    00000011 11r00r00         [12]   84 	ld	de, #_title_bg_map
    00000014 D5               [16]   85 	push	de
    00000015 21 14 12         [12]   86 	ld	hl, #0x1214
    00000018 E5               [16]   87 	push	hl
    00000019 AF               [ 4]   88 	xor	a, a
    0000001A 0F               [ 4]   89 	rrca
    0000001B F5               [16]   90 	push	af
    0000001C CDr00r00         [24]   91 	call	_set_bkg_tiles
    0000001F E8 06            [16]   92 	add	sp, #6
                                     93 ;src/main.c:39: SHOW_BKG;
    00000021 F0r00            [12]   94 	ldh	a, (_LCDC_REG + 0)
    00000023 F6 01            [ 8]   95 	or	a, #0x01
    00000025 E0r00            [12]   96 	ldh	(_LCDC_REG + 0), a
                                     97 ;src/main.c:40: DISPLAY_ON;
    00000027 F0r00            [12]   98 	ldh	a, (_LCDC_REG + 0)
    00000029 F6 80            [ 8]   99 	or	a, #0x80
    0000002B E0r00            [12]  100 	ldh	(_LCDC_REG + 0), a
                                    101 ;src/main.c:41: BGP_REG = 0b11100100;
    0000002D 3E E4            [ 8]  102 	ld	a, #0xe4
    0000002F E0r00            [12]  103 	ldh	(_BGP_REG + 0), a
                                    104 ;src/main.c:44: BGP_REG = 0b11100100;
    00000031 3E E4            [ 8]  105 	ld	a, #0xe4
    00000033 E0r00            [12]  106 	ldh	(_BGP_REG + 0), a
                                    107 ;src/main.c:45: OBP0_REG = 0b11100100; // Normale (3=Nero, 2=GrigioS, 1=GrigioC, 0=Trasparente)
    00000035 3E E4            [ 8]  108 	ld	a, #0xe4
    00000037 E0r00            [12]  109 	ldh	(_OBP0_REG + 0), a
                                    110 ;src/main.c:46: OBP1_REG = 0b11000000; // Pausa (3=Nero, 2=Bianco, 1=Bianco, 0=Trasparente)
    00000039 3E C0            [ 8]  111 	ld	a, #0xc0
    0000003B E0r00            [12]  112 	ldh	(_OBP1_REG + 0), a
                                    113 ;src/main.c:49: play_title_music();
    0000003D CDr00r00         [24]  114 	call	_play_title_music
                                    115 ;src/main.c:50: while (1) {
    00000040                        116 00104$:
                                    117 ;src/main.c:51: update_music();
    00000040 CDr00r00         [24]  118 	call	_update_music
                                    119 ;src/main.c:52: if (joypad() & J_START) {
    00000043 CDr00r00         [24]  120 	call	_joypad
    00000046 07               [ 4]  121 	rlca
    00000047 38 05            [12]  122 	jr	C, 00105$
                                    123 ;src/main.c:55: wait_vbl_done();
    00000049 CDr00r00         [24]  124 	call	_wait_vbl_done
    0000004C 18 F2            [12]  125 	jr	00104$
    0000004E                        126 00105$:
                                    127 ;src/main.c:59: waitpadup();
    0000004E CDr00r00         [24]  128 	call	_waitpadup
                                    129 ;src/main.c:62: DISPLAY_OFF;
    00000051 CDr00r00         [24]  130 	call	_display_off
                                    131 ;src/main.c:65: initrand(DIV_REG);
    00000054 F0r00            [12]  132 	ldh	a, (_DIV_REG + 0)
    00000056 06 00            [ 8]  133 	ld	b, #0x00
    00000058 4F               [ 4]  134 	ld	c, a
    00000059 C5               [16]  135 	push	bc
    0000005A CDr00r00         [24]  136 	call	_initrand
    0000005D E1               [12]  137 	pop	hl
                                    138 ;src/main.c:68: set_bkg_data(0, 22, TileData); // 6 pavimenti + 16 varianti autotile
    0000005E 11r00r00         [12]  139 	ld	de, #_TileData
    00000061 D5               [16]  140 	push	de
    00000062 21 00 16         [12]  141 	ld	hl, #0x1600
    00000065 E5               [16]  142 	push	hl
    00000066 CDr00r00         [24]  143 	call	_set_bkg_data
    00000069 E8 04            [16]  144 	add	sp, #4
                                    145 ;src/main.c:71: set_sprite_data(11, 5, PauseTiles); // 5 tile per la pausa (P,A,U,S,E)
    0000006B 11r00r00         [12]  146 	ld	de, #_PauseTiles
    0000006E D5               [16]  147 	push	de
    0000006F 21 0B 05         [12]  148 	ld	hl, #0x50b
    00000072 E5               [16]  149 	push	hl
    00000073 CDr00r00         [24]  150 	call	_set_sprite_data
    00000076 E8 04            [16]  151 	add	sp, #4
                                    152 ;src/main.c:73: for (uint8_t i = 20; i <= 24; i++) {
    00000078 0E 14            [ 8]  153 	ld	c, #0x14
    0000007A                        154 00212$:
    0000007A 3E 18            [ 8]  155 	ld	a, #0x18
    0000007C 91               [ 4]  156 	sub	a, c
    0000007D 38 19            [12]  157 	jr	C, 00106$
                                    158 ;/home/enne2/.local/gbdk/include/gb/gb.h:1946: shadow_OAM[nb].prop=prop;
    0000007F 69               [ 4]  159 	ld	l, c
    00000080 26 00            [ 8]  160 	ld	h, #0x00
    00000082 29               [ 8]  161 	add	hl, hl
    00000083 29               [ 8]  162 	add	hl, hl
    00000084 5D               [ 4]  163 	ld	e, l
    00000085 54               [ 4]  164 	ld	d, h
    00000086 21r01r00         [12]  165 	ld	hl,#_shadow_OAM + 1
    00000089 19               [ 8]  166 	add	hl,de
    0000008A 23               [ 8]  167 	inc	hl
    0000008B 23               [ 8]  168 	inc	hl
    0000008C 36 10            [12]  169 	ld	(hl), #0x10
                                    170 ;/home/enne2/.local/gbdk/include/gb/gb.h:1973: OAM_item_t * itm = &shadow_OAM[nb];
    0000008E 21r00r00         [12]  171 	ld	hl, #_shadow_OAM
    00000091 19               [ 8]  172 	add	hl, de
                                    173 ;/home/enne2/.local/gbdk/include/gb/gb.h:1974: itm->y=y, itm->x=x;
    00000092 AF               [ 4]  174 	xor	a, a
    00000093 22               [ 8]  175 	ld	(hl+), a
    00000094 77               [ 8]  176 	ld	(hl), a
                                    177 ;src/main.c:73: for (uint8_t i = 20; i <= 24; i++) {
    00000095 0C               [ 4]  178 	inc	c
    00000096 18 E2            [12]  179 	jr	00212$
    00000098                        180 00106$:
                                    181 ;src/main.c:79: set_sprite_data(25, 10, NumberTiles);
    00000098 11r00r00         [12]  182 	ld	de, #_NumberTiles
    0000009B D5               [16]  183 	push	de
    0000009C 21 19 0A         [12]  184 	ld	hl, #0xa19
    0000009F E5               [16]  185 	push	hl
    000000A0 CDr00r00         [24]  186 	call	_set_sprite_data
    000000A3 E8 04            [16]  187 	add	sp, #4
                                    188 ;src/main.c:83: for (y = 0; y < 32; y++) {
    000000A5 0E 00            [ 8]  189 	ld	c, #0x00
                                    190 ;src/main.c:84: for (x = 0; x < 32; x++) {
    000000A7                        191 00228$:
    000000A7 06 00            [ 8]  192 	ld	b, #0x00
    000000A9                        193 00214$:
                                    194 ;src/main.c:85: uint8_t solid_hedge = 21; 
                                    195 ;src/main.c:86: set_bkg_tiles(x, y, 1, 1, &solid_hedge);
    000000A9 F8 03            [12]  196 	ldhl	sp,#3
    000000AB 36 15            [12]  197 	ld	(hl), #0x15
    000000AD E5               [16]  198 	push	hl
    000000AE 21 01 01         [12]  199 	ld	hl, #0x101
    000000B1 E5               [16]  200 	push	hl
    000000B2 79               [ 4]  201 	ld	a, c
    000000B3 F5               [16]  202 	push	af
    000000B4 33               [ 8]  203 	inc	sp
    000000B5 C5               [16]  204 	push	bc
    000000B6 33               [ 8]  205 	inc	sp
    000000B7 CDr00r00         [24]  206 	call	_set_bkg_tiles
    000000BA E8 06            [16]  207 	add	sp, #6
                                    208 ;src/main.c:84: for (x = 0; x < 32; x++) {
    000000BC 04               [ 4]  209 	inc	b
    000000BD 78               [ 4]  210 	ld	a, b
    000000BE D6 20            [ 8]  211 	sub	a, #0x20
    000000C0 38 E7            [12]  212 	jr	C, 00214$
                                    213 ;src/main.c:83: for (y = 0; y < 32; y++) {
    000000C2 0C               [ 4]  214 	inc	c
    000000C3 79               [ 4]  215 	ld	a, c
    000000C4 D6 20            [ 8]  216 	sub	a, #0x20
    000000C6 38 DF            [12]  217 	jr	C, 00228$
                                    218 ;src/main.c:91: generate_maze();
    000000C8 CDr00r00         [24]  219 	call	_generate_maze
                                    220 ;src/main.c:94: for (y = 0; y < MAZE_HEIGHT; y++) {
    000000CB F8 0C            [12]  221 	ldhl	sp,	#12
    000000CD 36 00            [12]  222 	ld	(hl), #0x00
                                    223 ;src/main.c:95: for (x = 0; x < MAZE_WIDTH; x++) {
    000000CF                        224 00242$:
    000000CF F8 0C            [12]  225 	ldhl	sp,	#12
    000000D1 7E               [ 8]  226 	ld	a, (hl)
    000000D2 D6 10            [ 8]  227 	sub	a, #0x10
    000000D4 3E 00            [ 8]  228 	ld	a, #0x00
    000000D6 17               [ 4]  229 	rla
    000000D7 F8 04            [12]  230 	ldhl	sp,	#4
    000000D9 77               [ 8]  231 	ld	(hl), a
    000000DA F8 0D            [12]  232 	ldhl	sp,	#13
    000000DC 36 00            [12]  233 	ld	(hl), #0x00
    000000DE                        234 00218$:
                                    235 ;src/main.c:96: uint8_t tile_idx = maze[y][x];
    000000DE F8 0C            [12]  236 	ldhl	sp,	#12
    000000E0 7E               [ 8]  237 	ld	a, (hl)
    000000E1 F8 08            [12]  238 	ldhl	sp,	#8
    000000E3 22               [ 8]  239 	ld	(hl+), a
    000000E4 AF               [ 4]  240 	xor	a, a
    000000E5 32               [ 8]  241 	ld	(hl-), a
    000000E6 7E               [ 8]  242 	ld	a, (hl)
    000000E7 16 00            [ 8]  243 	ld	d, #0x00
    000000E9 87               [ 4]  244 	add	a, a
    000000EA CB 12            [ 8]  245 	rl	d
    000000EC 87               [ 4]  246 	add	a, a
    000000ED CB 12            [ 8]  247 	rl	d
    000000EF 87               [ 4]  248 	add	a, a
    000000F0 CB 12            [ 8]  249 	rl	d
    000000F2 87               [ 4]  250 	add	a, a
    000000F3 CB 12            [ 8]  251 	rl	d
    000000F5 87               [ 4]  252 	add	a, a
    000000F6 CB 12            [ 8]  253 	rl	d
    000000F8 5F               [ 4]  254 	ld	e, a
    000000F9 21r00r00         [12]  255 	ld	hl, #_maze
    000000FC 19               [ 8]  256 	add	hl, de
    000000FD E5               [16]  257 	push	hl
    000000FE 7D               [ 4]  258 	ld	a, l
    000000FF F8 07            [12]  259 	ldhl	sp,	#7
    00000101 77               [ 8]  260 	ld	(hl), a
    00000102 E1               [12]  261 	pop	hl
    00000103 7C               [ 4]  262 	ld	a, h
    00000104 F8 06            [12]  263 	ldhl	sp,	#6
    00000106 32               [ 8]  264 	ld	(hl-), a
    00000107 2A               [ 8]  265 	ld	a, (hl+)
    00000108 5F               [ 4]  266 	ld	e, a
    00000109 56               [ 8]  267 	ld	d, (hl)
    0000010A F8 0D            [12]  268 	ldhl	sp,	#13
    0000010C 6E               [ 8]  269 	ld	l, (hl)
    0000010D 26 00            [ 8]  270 	ld	h, #0x00
    0000010F 19               [ 8]  271 	add	hl, de
    00000110 4D               [ 4]  272 	ld	c, l
    00000111 44               [ 4]  273 	ld	b, h
    00000112 0A               [ 8]  274 	ld	a, (bc)
    00000113 F8 03            [12]  275 	ldhl	sp,	#3
    00000115 77               [ 8]  276 	ld	(hl), a
                                    277 ;src/main.c:97: if (tile_idx == 1) { // Se è un muro, usa autotiling
    00000116 3D               [ 4]  278 	dec	a
    00000117 C2r0Ar02         [16]  279 	jp	NZ, 00125$
                                    280 ;src/main.c:98: uint8_t mask = 0;
    0000011A F8 0E            [12]  281 	ldhl	sp,	#14
                                    282 ;src/main.c:99: if (y > 0 && maze[y-1][x] == 1) mask |= 8; // Nord
    0000011C AF               [ 4]  283 	xor	a, a
    0000011D 32               [ 8]  284 	ld	(hl-), a
    0000011E 2B               [ 8]  285 	dec	hl
    0000011F 7E               [ 8]  286 	ld	a, (hl)
    00000120 B7               [ 4]  287 	or	a, a
    00000121 28 36            [12]  288 	jr	Z, 00110$
    00000123 F8 08            [12]  289 	ldhl	sp,#8
    00000125 2A               [ 8]  290 	ld	a, (hl+)
    00000126 5F               [ 4]  291 	ld	e, a
    00000127 56               [ 8]  292 	ld	d, (hl)
    00000128 21 01 00         [12]  293 	ld	hl, #0x0001
    0000012B 7B               [ 4]  294 	ld	a, e
    0000012C 95               [ 4]  295 	sub	a, l
    0000012D 5F               [ 4]  296 	ld	e, a
    0000012E 7A               [ 4]  297 	ld	a, d
    0000012F 9C               [ 4]  298 	sbc	a, h
    00000130 F8 0B            [12]  299 	ldhl	sp,	#11
    00000132 32               [ 8]  300 	ld	(hl-), a
    00000133 73               [ 8]  301 	ld	(hl), e
    00000134 3E 05            [ 8]  302 	ld	a, #0x05
    00000136                        303 00500$:
    00000136 F8 0A            [12]  304 	ldhl	sp,	#10
    00000138 CB 26            [16]  305 	sla	(hl)
    0000013A 23               [ 8]  306 	inc	hl
    0000013B CB 16            [16]  307 	rl	(hl)
    0000013D 3D               [ 4]  308 	dec	a
    0000013E 20 F6            [12]  309 	jr	NZ, 00500$
    00000140 11r00r00         [12]  310 	ld	de, #_maze
    00000143 3A               [ 8]  311 	ld	a, (hl-)
    00000144 6E               [ 8]  312 	ld	l, (hl)
    00000145 67               [ 4]  313 	ld	h, a
    00000146 19               [ 8]  314 	add	hl, de
    00000147 4D               [ 4]  315 	ld	c, l
    00000148 44               [ 4]  316 	ld	b, h
    00000149 F8 0D            [12]  317 	ldhl	sp,	#13
    0000014B 6E               [ 8]  318 	ld	l, (hl)
    0000014C 26 00            [ 8]  319 	ld	h, #0x00
    0000014E 09               [ 8]  320 	add	hl, bc
    0000014F 4D               [ 4]  321 	ld	c, l
    00000150 44               [ 4]  322 	ld	b, h
    00000151 0A               [ 8]  323 	ld	a, (bc)
    00000152 3D               [ 4]  324 	dec	a
    00000153 20 04            [12]  325 	jr	NZ, 00110$
    00000155 F8 0E            [12]  326 	ldhl	sp,	#14
    00000157 36 08            [12]  327 	ld	(hl), #0x08
    00000159                        328 00110$:
                                    329 ;src/main.c:100: if (x < MAZE_WIDTH-1 && maze[y][x+1] == 1) mask |= 4; // Est
    00000159 F8 0D            [12]  330 	ldhl	sp,	#13
    0000015B 7E               [ 8]  331 	ld	a, (hl)
    0000015C F8 07            [12]  332 	ldhl	sp,	#7
    0000015E 77               [ 8]  333 	ld	(hl), a
    0000015F F8 0D            [12]  334 	ldhl	sp,	#13
    00000161 7E               [ 8]  335 	ld	a, (hl)
    00000162 D6 12            [ 8]  336 	sub	a, #0x12
    00000164 30 17            [12]  337 	jr	NC, 00113$
    00000166 F8 07            [12]  338 	ldhl	sp,	#7
    00000168 3A               [ 8]  339 	ld	a, (hl-)
    00000169 5F               [ 4]  340 	ld	e, a
    0000016A 1C               [ 4]  341 	inc	e
    0000016B 16 00            [ 8]  342 	ld	d, #0x00
    0000016D 3A               [ 8]  343 	ld	a, (hl-)
    0000016E 6E               [ 8]  344 	ld	l, (hl)
    0000016F 67               [ 4]  345 	ld	h, a
    00000170 19               [ 8]  346 	add	hl, de
    00000171 4D               [ 4]  347 	ld	c, l
    00000172 44               [ 4]  348 	ld	b, h
    00000173 0A               [ 8]  349 	ld	a, (bc)
    00000174 3D               [ 4]  350 	dec	a
    00000175 20 06            [12]  351 	jr	NZ, 00113$
    00000177 F8 0E            [12]  352 	ldhl	sp,	#14
    00000179 7E               [ 8]  353 	ld	a, (hl)
    0000017A 77               [ 8]  354 	ld	(hl), a
    0000017B CB D6            [16]  355 	set	2, (hl)
    0000017D                        356 00113$:
                                    357 ;src/main.c:101: if (y < MAZE_HEIGHT-1 && maze[y+1][x] == 1) mask |= 2; // Sud
    0000017D F8 04            [12]  358 	ldhl	sp,	#4
    0000017F 7E               [ 8]  359 	ld	a, (hl)
    00000180 B7               [ 4]  360 	or	a, a
    00000181 28 50            [12]  361 	jr	Z, 00116$
    00000183 F8 08            [12]  362 	ldhl	sp,#8
    00000185 2A               [ 8]  363 	ld	a, (hl+)
    00000186 5F               [ 4]  364 	ld	e, a
    00000187 56               [ 8]  365 	ld	d, (hl)
    00000188 6B               [ 4]  366 	ld	l, e
    00000189 62               [ 4]  367 	ld	h, d
    0000018A 23               [ 8]  368 	inc	hl
    0000018B E5               [16]  369 	push	hl
    0000018C 7D               [ 4]  370 	ld	a, l
    0000018D F8 0C            [12]  371 	ldhl	sp,	#12
    0000018F 77               [ 8]  372 	ld	(hl), a
    00000190 E1               [12]  373 	pop	hl
    00000191 7C               [ 4]  374 	ld	a, h
    00000192 F8 0B            [12]  375 	ldhl	sp,	#11
    00000194 77               [ 8]  376 	ld	(hl), a
    00000195 3E 05            [ 8]  377 	ld	a, #0x05
    00000197                        378 00505$:
    00000197 F8 0A            [12]  379 	ldhl	sp,	#10
    00000199 CB 26            [16]  380 	sla	(hl)
    0000019B 23               [ 8]  381 	inc	hl
    0000019C CB 16            [16]  382 	rl	(hl)
    0000019E 3D               [ 4]  383 	dec	a
    0000019F 20 F6            [12]  384 	jr	NZ, 00505$
    000001A1 2B               [ 8]  385 	dec	hl
    000001A2 2A               [ 8]  386 	ld	a, (hl+)
    000001A3 5F               [ 4]  387 	ld	e, a
    000001A4 56               [ 8]  388 	ld	d, (hl)
    000001A5 21r00r00         [12]  389 	ld	hl, #_maze
    000001A8 19               [ 8]  390 	add	hl, de
    000001A9 E5               [16]  391 	push	hl
    000001AA 7D               [ 4]  392 	ld	a, l
    000001AB F8 0A            [12]  393 	ldhl	sp,	#10
    000001AD 77               [ 8]  394 	ld	(hl), a
    000001AE E1               [12]  395 	pop	hl
    000001AF 7C               [ 4]  396 	ld	a, h
    000001B0 F8 09            [12]  397 	ldhl	sp,	#9
    000001B2 32               [ 8]  398 	ld	(hl-), a
    000001B3 2A               [ 8]  399 	ld	a, (hl+)
    000001B4 5F               [ 4]  400 	ld	e, a
    000001B5 56               [ 8]  401 	ld	d, (hl)
    000001B6 F8 0D            [12]  402 	ldhl	sp,	#13
    000001B8 6E               [ 8]  403 	ld	l, (hl)
    000001B9 26 00            [ 8]  404 	ld	h, #0x00
    000001BB 19               [ 8]  405 	add	hl, de
    000001BC E5               [16]  406 	push	hl
    000001BD 7D               [ 4]  407 	ld	a, l
    000001BE F8 0C            [12]  408 	ldhl	sp,	#12
    000001C0 77               [ 8]  409 	ld	(hl), a
    000001C1 E1               [12]  410 	pop	hl
    000001C2 7C               [ 4]  411 	ld	a, h
    000001C3 F8 0B            [12]  412 	ldhl	sp,	#11
    000001C5 32               [ 8]  413 	ld	(hl-), a
    000001C6 2A               [ 8]  414 	ld	a, (hl+)
    000001C7 5F               [ 4]  415 	ld	e, a
    000001C8 56               [ 8]  416 	ld	d, (hl)
    000001C9 1A               [ 8]  417 	ld	a, (de)
    000001CA 3D               [ 4]  418 	dec	a
    000001CB 20 06            [12]  419 	jr	NZ, 00116$
    000001CD F8 0E            [12]  420 	ldhl	sp,	#14
    000001CF 7E               [ 8]  421 	ld	a, (hl)
    000001D0 77               [ 8]  422 	ld	(hl), a
    000001D1 CB CE            [16]  423 	set	1, (hl)
    000001D3                        424 00116$:
                                    425 ;src/main.c:102: if (x > 0 && maze[y][x-1] == 1) mask |= 1; // Ovest
    000001D3 F8 0D            [12]  426 	ldhl	sp,	#13
    000001D5 7E               [ 8]  427 	ld	a, (hl)
    000001D6 B7               [ 4]  428 	or	a, a
    000001D7 28 27            [12]  429 	jr	Z, 00119$
    000001D9 F8 07            [12]  430 	ldhl	sp,	#7
    000001DB 7E               [ 8]  431 	ld	a, (hl)
    000001DC 3D               [ 4]  432 	dec	a
    000001DD F8 0B            [12]  433 	ldhl	sp,	#11
    000001DF 77               [ 8]  434 	ld	(hl), a
    000001E0 5E               [ 8]  435 	ld	e, (hl)
    000001E1 16 00            [ 8]  436 	ld	d, #0x00
    000001E3 F8 05            [12]  437 	ldhl	sp,	#5
    000001E5 2A               [ 8]  438 	ld	a,	(hl+)
    000001E6 66               [ 8]  439 	ld	h, (hl)
    000001E7 6F               [ 4]  440 	ld	l, a
    000001E8 19               [ 8]  441 	add	hl, de
    000001E9 E5               [16]  442 	push	hl
    000001EA 7D               [ 4]  443 	ld	a, l
    000001EB F8 0C            [12]  444 	ldhl	sp,	#12
    000001ED 77               [ 8]  445 	ld	(hl), a
    000001EE E1               [12]  446 	pop	hl
    000001EF 7C               [ 4]  447 	ld	a, h
    000001F0 F8 0B            [12]  448 	ldhl	sp,	#11
    000001F2 32               [ 8]  449 	ld	(hl-), a
    000001F3 2A               [ 8]  450 	ld	a, (hl+)
    000001F4 5F               [ 4]  451 	ld	e, a
    000001F5 56               [ 8]  452 	ld	d, (hl)
    000001F6 1A               [ 8]  453 	ld	a, (de)
    000001F7 3D               [ 4]  454 	dec	a
    000001F8 20 06            [12]  455 	jr	NZ, 00119$
    000001FA F8 0E            [12]  456 	ldhl	sp,	#14
    000001FC 7E               [ 8]  457 	ld	a, (hl)
    000001FD 77               [ 8]  458 	ld	(hl), a
    000001FE CB C6            [16]  459 	set	0, (hl)
    00000200                        460 00119$:
                                    461 ;src/main.c:103: tile_idx = 6 + mask; // Offset 6 per le siepi
    00000200 F8 0E            [12]  462 	ldhl	sp,	#14
    00000202 7E               [ 8]  463 	ld	a, (hl)
    00000203 C6 06            [ 8]  464 	add	a, #0x06
    00000205 F8 03            [12]  465 	ldhl	sp,	#3
    00000207 77               [ 8]  466 	ld	(hl), a
    00000208 18 24            [12]  467 	jr	00126$
    0000020A                        468 00125$:
                                    469 ;src/main.c:106: uint8_t r = rand() % 10;
    0000020A CDr00r00         [24]  470 	call	_rand
    0000020D F8 0E            [12]  471 	ldhl	sp,#14
    0000020F 73               [ 8]  472 	ld	(hl), e
    00000210 7E               [ 8]  473 	ld	a, (hl)
    00000211 1E 0A            [ 8]  474 	ld	e, #0x0a
    00000213 CDr00r00         [24]  475 	call	__moduchar
    00000216 F8 0E            [12]  476 	ldhl	sp,#14
    00000218 71               [ 8]  477 	ld	(hl), c
    00000219 7E               [ 8]  478 	ld	a, (hl)
                                    479 ;src/main.c:107: if (r < 5) tile_idx = 0;
    0000021A FE 05            [ 8]  480 	cp	a, #0x05
    0000021C 30 06            [12]  481 	jr	NC, 00122$
    0000021E F8 03            [12]  482 	ldhl	sp,	#3
    00000220 36 00            [12]  483 	ld	(hl), #0x00
    00000222 18 0A            [12]  484 	jr	00126$
    00000224                        485 00122$:
                                    486 ;src/main.c:108: else tile_idx = 1 + (r % 5);
    00000224 1E 05            [ 8]  487 	ld	e, #0x05
    00000226 CDr00r00         [24]  488 	call	__moduchar
    00000229 79               [ 4]  489 	ld	a, c
    0000022A 3C               [ 4]  490 	inc	a
    0000022B F8 03            [12]  491 	ldhl	sp,	#3
    0000022D 77               [ 8]  492 	ld	(hl), a
    0000022E                        493 00126$:
                                    494 ;src/main.c:110: set_bkg_tiles(x, y, 1, 1, &tile_idx);
    0000022E 21 03 00         [12]  495 	ld	hl, #3
    00000231 39               [ 8]  496 	add	hl, sp
    00000232 E5               [16]  497 	push	hl
    00000233 21 01 01         [12]  498 	ld	hl, #0x101
    00000236 E5               [16]  499 	push	hl
    00000237 F8 10            [12]  500 	ldhl	sp,	#16
    00000239 2A               [ 8]  501 	ld	a, (hl+)
    0000023A 57               [ 4]  502 	ld	d, a
    0000023B 5E               [ 8]  503 	ld	e, (hl)
    0000023C D5               [16]  504 	push	de
    0000023D CDr00r00         [24]  505 	call	_set_bkg_tiles
    00000240 E8 06            [16]  506 	add	sp, #6
                                    507 ;src/main.c:95: for (x = 0; x < MAZE_WIDTH; x++) {
    00000242 F8 0D            [12]  508 	ldhl	sp,	#13
    00000244 34               [12]  509 	inc	(hl)
    00000245 7E               [ 8]  510 	ld	a, (hl)
    00000246 D6 13            [ 8]  511 	sub	a, #0x13
    00000248 DArDEr00         [16]  512 	jp	C, 00218$
                                    513 ;src/main.c:94: for (y = 0; y < MAZE_HEIGHT; y++) {
    0000024B 2B               [ 8]  514 	dec	hl
    0000024C 34               [12]  515 	inc	(hl)
    0000024D 7E               [ 8]  516 	ld	a, (hl)
    0000024E D6 11            [ 8]  517 	sub	a, #0x11
    00000250 DArCFr00         [16]  518 	jp	C, 00242$
                                    519 ;/home/enne2/.local/gbdk/include/gb/gb.h:1461: SCX_REG=x, SCY_REG=y;
    00000253 3E FC            [ 8]  520 	ld	a, #0xfc
    00000255 E0r00            [12]  521 	ldh	(_SCX_REG + 0), a
    00000257 3E FC            [ 8]  522 	ld	a, #0xfc
    00000259 E0r00            [12]  523 	ldh	(_SCY_REG + 0), a
                                    524 ;src/main.c:118: init_rats();
    0000025B CDr00r00         [24]  525 	call	_init_rats
                                    526 ;src/main.c:121: init_cursor();
    0000025E CDr00r00         [24]  527 	call	_init_cursor
                                    528 ;src/main.c:123: init_bombs();
    00000261 CDr00r00         [24]  529 	call	_init_bombs
                                    530 ;src/main.c:126: init_music();
    00000264 CDr00r00         [24]  531 	call	_init_music
                                    532 ;src/main.c:128: SHOW_BKG;
    00000267 F0r00            [12]  533 	ldh	a, (_LCDC_REG + 0)
    00000269 F6 01            [ 8]  534 	or	a, #0x01
    0000026B E0r00            [12]  535 	ldh	(_LCDC_REG + 0), a
                                    536 ;src/main.c:129: SHOW_SPRITES;
    0000026D F0r00            [12]  537 	ldh	a, (_LCDC_REG + 0)
    0000026F F6 02            [ 8]  538 	or	a, #0x02
    00000271 E0r00            [12]  539 	ldh	(_LCDC_REG + 0), a
                                    540 ;src/main.c:130: DISPLAY_ON;
    00000273 F0r00            [12]  541 	ldh	a, (_LCDC_REG + 0)
    00000275 F6 80            [ 8]  542 	or	a, #0x80
    00000277 E0r00            [12]  543 	ldh	(_LCDC_REG + 0), a
                                    544 ;src/main.c:133: uint8_t timer_digits[4] = {0, 0, 0, 0};
    00000279 F8 00            [12]  545 	ldhl	sp,	#0
    0000027B 36 00            [12]  546 	ld	(hl), #0x00
    0000027D 23               [ 8]  547 	inc	hl
    0000027E 36 00            [12]  548 	ld	(hl), #0x00
    00000280 23               [ 8]  549 	inc	hl
    00000281 36 00            [12]  550 	ld	(hl), #0x00
    00000283 23               [ 8]  551 	inc	hl
    00000284 36 00            [12]  552 	ld	(hl), #0x00
                                    553 ;src/main.c:134: uint8_t timer_frames = 0;
    00000286 F8 0E            [12]  554 	ldhl	sp,	#14
    00000288 36 00            [12]  555 	ld	(hl), #0x00
                                    556 ;/home/enne2/.local/gbdk/include/gb/gb.h:1887: shadow_OAM[nb].tile=tile;
    0000028A 21r66r00         [12]  557 	ld	hl, #(_shadow_OAM + 102)
    0000028D 36 19            [12]  558 	ld	(hl), #0x19
    0000028F 21r6Ar00         [12]  559 	ld	hl, #(_shadow_OAM + 106)
    00000292 36 19            [12]  560 	ld	(hl), #0x19
    00000294 21r6Er00         [12]  561 	ld	hl, #(_shadow_OAM + 110)
    00000297 36 19            [12]  562 	ld	(hl), #0x19
    00000299 21r72r00         [12]  563 	ld	hl, #(_shadow_OAM + 114)
    0000029C 36 19            [12]  564 	ld	(hl), #0x19
                                    565 ;/home/enne2/.local/gbdk/include/gb/gb.h:1946: shadow_OAM[nb].prop=prop;
    0000029E 21r67r00         [12]  566 	ld	hl, #(_shadow_OAM + 103)
    000002A1 36 10            [12]  567 	ld	(hl), #0x10
    000002A3 21r6Br00         [12]  568 	ld	hl, #(_shadow_OAM + 107)
    000002A6 36 10            [12]  569 	ld	(hl), #0x10
    000002A8 21r6Fr00         [12]  570 	ld	hl, #(_shadow_OAM + 111)
    000002AB 36 10            [12]  571 	ld	(hl), #0x10
    000002AD 21r73r00         [12]  572 	ld	hl, #(_shadow_OAM + 115)
    000002B0 36 10            [12]  573 	ld	(hl), #0x10
                                    574 ;/home/enne2/.local/gbdk/include/gb/gb.h:1973: OAM_item_t * itm = &shadow_OAM[nb];
    000002B2 21r64r00         [12]  575 	ld	hl, #(_shadow_OAM + 100)
                                    576 ;/home/enne2/.local/gbdk/include/gb/gb.h:1974: itm->y=y, itm->x=x;
    000002B5 36 98            [12]  577 	ld	(hl), #0x98
    000002B7 23               [ 8]  578 	inc	hl
    000002B8 36 88            [12]  579 	ld	(hl), #0x88
                                    580 ;/home/enne2/.local/gbdk/include/gb/gb.h:1973: OAM_item_t * itm = &shadow_OAM[nb];
    000002BA 21r68r00         [12]  581 	ld	hl, #(_shadow_OAM + 104)
                                    582 ;/home/enne2/.local/gbdk/include/gb/gb.h:1974: itm->y=y, itm->x=x;
    000002BD 36 98            [12]  583 	ld	(hl), #0x98
    000002BF 23               [ 8]  584 	inc	hl
    000002C0 36 90            [12]  585 	ld	(hl), #0x90
                                    586 ;/home/enne2/.local/gbdk/include/gb/gb.h:1973: OAM_item_t * itm = &shadow_OAM[nb];
    000002C2 21r6Cr00         [12]  587 	ld	hl, #(_shadow_OAM + 108)
                                    588 ;/home/enne2/.local/gbdk/include/gb/gb.h:1974: itm->y=y, itm->x=x;
    000002C5 36 98            [12]  589 	ld	(hl), #0x98
    000002C7 23               [ 8]  590 	inc	hl
    000002C8 36 98            [12]  591 	ld	(hl), #0x98
                                    592 ;/home/enne2/.local/gbdk/include/gb/gb.h:1973: OAM_item_t * itm = &shadow_OAM[nb];
    000002CA 21r70r00         [12]  593 	ld	hl, #(_shadow_OAM + 112)
                                    594 ;/home/enne2/.local/gbdk/include/gb/gb.h:1974: itm->y=y, itm->x=x;
    000002CD 36 98            [12]  595 	ld	(hl), #0x98
    000002CF 23               [ 8]  596 	inc	hl
    000002D0 36 A0            [12]  597 	ld	(hl), #0xa0
                                    598 ;src/main.c:154: while (1) {
    000002D2                        599 00162$:
                                    600 ;src/main.c:155: if (game_over_flag || victory_flag) {
    000002D2 FAr00r00         [16]  601 	ld	a, (#_game_over_flag)
    000002D5 B7               [ 4]  602 	or	a, a
    000002D6 20 07            [12]  603 	jr	NZ, 00140$
    000002D8 FAr00r00         [16]  604 	ld	a, (#_victory_flag)
    000002DB B7               [ 4]  605 	or	a, a
    000002DC CArC1r03         [16]  606 	jp	Z, 00141$
    000002DF                        607 00140$:
                                    608 ;src/main.c:156: HIDE_SPRITES;
    000002DF F0r00            [12]  609 	ldh	a, (_LCDC_REG + 0)
    000002E1 E6 FD            [ 8]  610 	and	a, #0xfd
    000002E3 E0r00            [12]  611 	ldh	(_LCDC_REG + 0), a
                                    612 ;/home/enne2/.local/gbdk/include/gb/gb.h:1461: SCX_REG=x, SCY_REG=y;
    000002E5 AF               [ 4]  613 	xor	a, a
    000002E6 E0r00            [12]  614 	ldh	(_SCX_REG + 0), a
    000002E8 AF               [ 4]  615 	xor	a, a
    000002E9 E0r00            [12]  616 	ldh	(_SCY_REG + 0), a
                                    617 ;src/main.c:160: BGP_REG = 0b11100100;
    000002EB 3E E4            [ 8]  618 	ld	a, #0xe4
    000002ED E0r00            [12]  619 	ldh	(_BGP_REG + 0), a
                                    620 ;src/main.c:162: if (victory_flag) {
    000002EF FAr00r00         [16]  621 	ld	a, (#_victory_flag)
    000002F2 B7               [ 4]  622 	or	a, a
    000002F3 28 21            [12]  623 	jr	Z, 00130$
                                    624 ;src/main.c:164: set_bkg_data(0, 256, victory_bg_tiles);
    000002F5 11r00r00         [12]  625 	ld	de, #_victory_bg_tiles
    000002F8 D5               [16]  626 	push	de
    000002F9 AF               [ 4]  627 	xor	a, a
    000002FA 0F               [ 4]  628 	rrca
    000002FB F5               [16]  629 	push	af
    000002FC CDr00r00         [24]  630 	call	_set_bkg_data
    000002FF E8 04            [16]  631 	add	sp, #4
                                    632 ;src/main.c:165: set_bkg_tiles(0, 0, 20, 18, victory_bg_map);
    00000301 11r00r00         [12]  633 	ld	de, #_victory_bg_map
    00000304 D5               [16]  634 	push	de
    00000305 21 14 12         [12]  635 	ld	hl, #0x1214
    00000308 E5               [16]  636 	push	hl
    00000309 AF               [ 4]  637 	xor	a, a
    0000030A 0F               [ 4]  638 	rrca
    0000030B F5               [16]  639 	push	af
    0000030C CDr00r00         [24]  640 	call	_set_bkg_tiles
    0000030F E8 06            [16]  641 	add	sp, #6
                                    642 ;src/main.c:166: play_victory_music();
    00000311 CDr00r00         [24]  643 	call	_play_victory_music
    00000314 18 1F            [12]  644 	jr	00131$
    00000316                        645 00130$:
                                    646 ;src/main.c:169: set_bkg_data(0, 256, rat_bg_tiles);
    00000316 11r00r00         [12]  647 	ld	de, #_rat_bg_tiles
    00000319 D5               [16]  648 	push	de
    0000031A AF               [ 4]  649 	xor	a, a
    0000031B 0F               [ 4]  650 	rrca
    0000031C F5               [16]  651 	push	af
    0000031D CDr00r00         [24]  652 	call	_set_bkg_data
    00000320 E8 04            [16]  653 	add	sp, #4
                                    654 ;src/main.c:170: set_bkg_tiles(0, 0, 20, 18, rat_bg_map);
    00000322 11r00r00         [12]  655 	ld	de, #_rat_bg_map
    00000325 D5               [16]  656 	push	de
    00000326 21 14 12         [12]  657 	ld	hl, #0x1214
    00000329 E5               [16]  658 	push	hl
    0000032A AF               [ 4]  659 	xor	a, a
    0000032B 0F               [ 4]  660 	rrca
    0000032C F5               [16]  661 	push	af
    0000032D CDr00r00         [24]  662 	call	_set_bkg_tiles
    00000330 E8 06            [16]  663 	add	sp, #6
                                    664 ;src/main.c:171: play_game_over_music();
    00000332 CDr00r00         [24]  665 	call	_play_game_over_music
    00000335                        666 00131$:
                                    667 ;src/main.c:174: SHOW_SPRITES;
    00000335 F0r00            [12]  668 	ldh	a, (_LCDC_REG + 0)
    00000337 F6 02            [ 8]  669 	or	a, #0x02
    00000339 E0r00            [12]  670 	ldh	(_LCDC_REG + 0), a
                                    671 ;src/main.c:175: while(1) {
    0000033B                        672 00138$:
                                    673 ;src/main.c:176: update_music();
    0000033B CDr00r00         [24]  674 	call	_update_music
                                    675 ;src/main.c:178: if (victory_flag) {
    0000033E FAr00r00         [16]  676 	ld	a, (#_victory_flag)
    00000341 B7               [ 4]  677 	or	a, a
    00000342 28 60            [12]  678 	jr	Z, 00133$
                                    679 ;src/main.c:180: set_sprite_tile(25, 25 + timer_digits[0]);
    00000344 F8 00            [12]  680 	ldhl	sp,	#0
    00000346 7E               [ 8]  681 	ld	a, (hl)
    00000347 F8 0E            [12]  682 	ldhl	sp,	#14
    00000349 77               [ 8]  683 	ld	(hl), a
    0000034A 7E               [ 8]  684 	ld	a, (hl)
    0000034B C6 19            [ 8]  685 	add	a, #0x19
    0000034D 4F               [ 4]  686 	ld	c, a
                                    687 ;/home/enne2/.local/gbdk/include/gb/gb.h:1887: shadow_OAM[nb].tile=tile;
    0000034E 21r66r00         [12]  688 	ld	hl, #(_shadow_OAM + 102)
    00000351 71               [ 8]  689 	ld	(hl), c
                                    690 ;src/main.c:181: set_sprite_tile(26, 25 + timer_digits[1]);
    00000352 F8 01            [12]  691 	ldhl	sp,	#1
    00000354 7E               [ 8]  692 	ld	a, (hl)
    00000355 C6 19            [ 8]  693 	add	a, #0x19
    00000357 4F               [ 4]  694 	ld	c, a
                                    695 ;/home/enne2/.local/gbdk/include/gb/gb.h:1887: shadow_OAM[nb].tile=tile;
    00000358 21r6Ar00         [12]  696 	ld	hl, #(_shadow_OAM + 106)
    0000035B 71               [ 8]  697 	ld	(hl), c
                                    698 ;src/main.c:182: set_sprite_tile(27, 25 + timer_digits[2]);
    0000035C F8 02            [12]  699 	ldhl	sp,	#2
    0000035E 7E               [ 8]  700 	ld	a, (hl)
    0000035F C6 19            [ 8]  701 	add	a, #0x19
    00000361 4F               [ 4]  702 	ld	c, a
                                    703 ;/home/enne2/.local/gbdk/include/gb/gb.h:1887: shadow_OAM[nb].tile=tile;
    00000362 21r6Er00         [12]  704 	ld	hl, #(_shadow_OAM + 110)
    00000365 71               [ 8]  705 	ld	(hl), c
                                    706 ;src/main.c:183: set_sprite_tile(28, 25 + timer_digits[3]);
    00000366 F8 03            [12]  707 	ldhl	sp,	#3
    00000368 7E               [ 8]  708 	ld	a, (hl)
    00000369 C6 19            [ 8]  709 	add	a, #0x19
    0000036B 4F               [ 4]  710 	ld	c, a
                                    711 ;/home/enne2/.local/gbdk/include/gb/gb.h:1887: shadow_OAM[nb].tile=tile;
    0000036C 21r72r00         [12]  712 	ld	hl, #(_shadow_OAM + 114)
    0000036F 71               [ 8]  713 	ld	(hl), c
                                    714 ;/home/enne2/.local/gbdk/include/gb/gb.h:1946: shadow_OAM[nb].prop=prop;
    00000370 21r67r00         [12]  715 	ld	hl, #(_shadow_OAM + 103)
    00000373 36 10            [12]  716 	ld	(hl), #0x10
    00000375 21r6Br00         [12]  717 	ld	hl, #(_shadow_OAM + 107)
    00000378 36 10            [12]  718 	ld	(hl), #0x10
    0000037A 21r6Fr00         [12]  719 	ld	hl, #(_shadow_OAM + 111)
    0000037D 36 10            [12]  720 	ld	(hl), #0x10
    0000037F 21r73r00         [12]  721 	ld	hl, #(_shadow_OAM + 115)
    00000382 36 10            [12]  722 	ld	(hl), #0x10
                                    723 ;/home/enne2/.local/gbdk/include/gb/gb.h:1973: OAM_item_t * itm = &shadow_OAM[nb];
    00000384 21r64r00         [12]  724 	ld	hl, #(_shadow_OAM + 100)
                                    725 ;/home/enne2/.local/gbdk/include/gb/gb.h:1974: itm->y=y, itm->x=x;
    00000387 3E 90            [ 8]  726 	ld	a, #0x90
    00000389 22               [ 8]  727 	ld	(hl+), a
    0000038A 36 44            [12]  728 	ld	(hl), #0x44
                                    729 ;/home/enne2/.local/gbdk/include/gb/gb.h:1973: OAM_item_t * itm = &shadow_OAM[nb];
    0000038C 21r68r00         [12]  730 	ld	hl, #(_shadow_OAM + 104)
                                    731 ;/home/enne2/.local/gbdk/include/gb/gb.h:1974: itm->y=y, itm->x=x;
    0000038F 3E 90            [ 8]  732 	ld	a, #0x90
    00000391 22               [ 8]  733 	ld	(hl+), a
    00000392 36 4C            [12]  734 	ld	(hl), #0x4c
                                    735 ;/home/enne2/.local/gbdk/include/gb/gb.h:1973: OAM_item_t * itm = &shadow_OAM[nb];
    00000394 21r6Cr00         [12]  736 	ld	hl, #(_shadow_OAM + 108)
                                    737 ;/home/enne2/.local/gbdk/include/gb/gb.h:1974: itm->y=y, itm->x=x;
    00000397 3E 90            [ 8]  738 	ld	a, #0x90
    00000399 22               [ 8]  739 	ld	(hl+), a
    0000039A 36 54            [12]  740 	ld	(hl), #0x54
                                    741 ;/home/enne2/.local/gbdk/include/gb/gb.h:1973: OAM_item_t * itm = &shadow_OAM[nb];
    0000039C 21r70r00         [12]  742 	ld	hl, #(_shadow_OAM + 112)
                                    743 ;/home/enne2/.local/gbdk/include/gb/gb.h:1974: itm->y=y, itm->x=x;
    0000039F 3E 90            [ 8]  744 	ld	a, #0x90
    000003A1 22               [ 8]  745 	ld	(hl+), a
    000003A2 36 5C            [12]  746 	ld	(hl), #0x5c
                                    747 ;src/main.c:194: move_sprite(28, 92, 144);
    000003A4                        748 00133$:
                                    749 ;src/main.c:197: wait_vbl_done();
    000003A4 CDr00r00         [24]  750 	call	_wait_vbl_done
                                    751 ;src/main.c:198: uint8_t keys = joypad();
    000003A7 CDr00r00         [24]  752 	call	_joypad
    000003AA 4F               [ 4]  753 	ld	c, a
                                    754 ;src/main.c:199: if ((keys & J_START) && !(main_prev_keys & J_START)) {
    000003AB CB 79            [ 8]  755 	bit	7, c
    000003AD 28 0B            [12]  756 	jr	Z, 00135$
    000003AF FAr00r00         [16]  757 	ld	a, (_main_prev_keys)
    000003B2 07               [ 4]  758 	rlca
    000003B3 38 05            [12]  759 	jr	C, 00135$
                                    760 ;src/main.c:200: reset();
    000003B5 C5               [16]  761 	push	bc
    000003B6 CDr00r00         [24]  762 	call	_reset
    000003B9 C1               [12]  763 	pop	bc
    000003BA                        764 00135$:
                                    765 ;src/main.c:202: main_prev_keys = keys;
    000003BA 21r00r00         [12]  766 	ld	hl, #_main_prev_keys
    000003BD 71               [ 8]  767 	ld	(hl), c
    000003BE C3r3Br03         [16]  768 	jp	00138$
    000003C1                        769 00141$:
                                    770 ;src/main.c:207: timer_frames++;
    000003C1 F8 0E            [12]  771 	ldhl	sp,	#14
    000003C3 34               [12]  772 	inc	(hl)
                                    773 ;src/main.c:208: if (timer_frames >= 60) {
    000003C4 7E               [ 8]  774 	ld	a, (hl)
    000003C5 D6 3C            [ 8]  775 	sub	a, #0x3c
    000003C7 38 53            [12]  776 	jr	C, 00152$
                                    777 ;src/main.c:209: timer_frames = 0;
    000003C9 36 00            [12]  778 	ld	(hl), #0x00
                                    779 ;src/main.c:212: timer_digits[3]++;
    000003CB F8 03            [12]  780 	ldhl	sp,	#3
    000003CD 34               [12]  781 	inc	(hl)
    000003CE 7E               [ 8]  782 	ld	a, (hl)
                                    783 ;src/main.c:213: if (timer_digits[3] > 9) {
    000003CF FE 0A            [ 8]  784 	cp	a, #0x0a
    000003D1 38 21            [12]  785 	jr	C, 00150$
                                    786 ;src/main.c:214: timer_digits[3] = 0;
                                    787 ;src/main.c:215: timer_digits[2]++;
    000003D3 AF               [ 4]  788 	xor	a, a
    000003D4 32               [ 8]  789 	ld	(hl-), a
    000003D5 34               [12]  790 	inc	(hl)
    000003D6 7E               [ 8]  791 	ld	a, (hl)
                                    792 ;src/main.c:216: if (timer_digits[2] > 9) {
    000003D7 FE 0A            [ 8]  793 	cp	a, #0x0a
    000003D9 38 19            [12]  794 	jr	C, 00150$
                                    795 ;src/main.c:217: timer_digits[2] = 0;
                                    796 ;src/main.c:218: timer_digits[1]++;
    000003DB AF               [ 4]  797 	xor	a, a
    000003DC 32               [ 8]  798 	ld	(hl-), a
    000003DD 34               [12]  799 	inc	(hl)
    000003DE 7E               [ 8]  800 	ld	a, (hl)
                                    801 ;src/main.c:219: if (timer_digits[1] > 9) {
    000003DF FE 0A            [ 8]  802 	cp	a, #0x0a
    000003E1 38 11            [12]  803 	jr	C, 00150$
                                    804 ;src/main.c:220: timer_digits[1] = 0;
                                    805 ;src/main.c:221: timer_digits[0]++;
    000003E3 AF               [ 4]  806 	xor	a, a
    000003E4 32               [ 8]  807 	ld	(hl-), a
    000003E5 34               [12]  808 	inc	(hl)
    000003E6 7E               [ 8]  809 	ld	a, (hl)
                                    810 ;src/main.c:222: if (timer_digits[0] > 9) {
    000003E7 FE 0A            [ 8]  811 	cp	a, #0x0a
    000003E9 38 09            [12]  812 	jr	C, 00150$
                                    813 ;src/main.c:224: timer_digits[0] = 9;
                                    814 ;src/main.c:225: timer_digits[1] = 9;
                                    815 ;src/main.c:226: timer_digits[2] = 9;
    000003EB 3E 09            [ 8]  816 	ld	a,#0x09
    000003ED 22               [ 8]  817 	ld	(hl+),a
    000003EE 22               [ 8]  818 	ld	(hl+), a
                                    819 ;src/main.c:227: timer_digits[3] = 9;
    000003EF 3E 09            [ 8]  820 	ld	a, #0x09
    000003F1 22               [ 8]  821 	ld	(hl+), a
    000003F2 36 09            [12]  822 	ld	(hl), #0x09
    000003F4                        823 00150$:
                                    824 ;src/main.c:234: set_sprite_tile(25, 25 + timer_digits[0]);
    000003F4 F8 00            [12]  825 	ldhl	sp,	#0
    000003F6 7E               [ 8]  826 	ld	a, (hl)
    000003F7 C6 19            [ 8]  827 	add	a, #0x19
    000003F9 4F               [ 4]  828 	ld	c, a
                                    829 ;/home/enne2/.local/gbdk/include/gb/gb.h:1887: shadow_OAM[nb].tile=tile;
    000003FA 21r66r00         [12]  830 	ld	hl, #(_shadow_OAM + 102)
    000003FD 71               [ 8]  831 	ld	(hl), c
                                    832 ;src/main.c:235: set_sprite_tile(26, 25 + timer_digits[1]);
    000003FE F8 01            [12]  833 	ldhl	sp,	#1
    00000400 7E               [ 8]  834 	ld	a, (hl)
    00000401 C6 19            [ 8]  835 	add	a, #0x19
    00000403 4F               [ 4]  836 	ld	c, a
                                    837 ;/home/enne2/.local/gbdk/include/gb/gb.h:1887: shadow_OAM[nb].tile=tile;
    00000404 21r6Ar00         [12]  838 	ld	hl, #(_shadow_OAM + 106)
    00000407 71               [ 8]  839 	ld	(hl), c
                                    840 ;src/main.c:236: set_sprite_tile(27, 25 + timer_digits[2]);
    00000408 F8 02            [12]  841 	ldhl	sp,	#2
    0000040A 7E               [ 8]  842 	ld	a, (hl)
    0000040B C6 19            [ 8]  843 	add	a, #0x19
    0000040D 4F               [ 4]  844 	ld	c, a
                                    845 ;/home/enne2/.local/gbdk/include/gb/gb.h:1887: shadow_OAM[nb].tile=tile;
    0000040E 21r6Er00         [12]  846 	ld	hl, #(_shadow_OAM + 110)
    00000411 71               [ 8]  847 	ld	(hl), c
                                    848 ;src/main.c:237: set_sprite_tile(28, 25 + timer_digits[3]);
    00000412 F8 03            [12]  849 	ldhl	sp,	#3
    00000414 7E               [ 8]  850 	ld	a, (hl)
    00000415 C6 19            [ 8]  851 	add	a, #0x19
    00000417 4F               [ 4]  852 	ld	c, a
                                    853 ;/home/enne2/.local/gbdk/include/gb/gb.h:1887: shadow_OAM[nb].tile=tile;
    00000418 21r72r00         [12]  854 	ld	hl, #(_shadow_OAM + 114)
    0000041B 71               [ 8]  855 	ld	(hl), c
                                    856 ;src/main.c:237: set_sprite_tile(28, 25 + timer_digits[3]);
    0000041C                        857 00152$:
                                    858 ;src/main.c:240: uint8_t keys = joypad();
    0000041C CDr00r00         [24]  859 	call	_joypad
                                    860 ;src/main.c:243: if ((keys & J_START) && !(main_prev_keys & J_START)) {
    0000041F CB 7F            [ 8]  861 	bit	7, a
    00000421 CArC7r04         [16]  862 	jp	Z, 00159$
    00000424 21r00r00         [12]  863 	ld	hl, #_main_prev_keys
    00000427 66               [ 8]  864 	ld	h, (hl)
    00000428 29               [ 8]  865 	add	hl, hl
    00000429 DArC7r04         [16]  866 	jp	C, 00159$
                                    867 ;src/main.c:245: NR10_REG = 0x00;
    0000042C AF               [ 4]  868 	xor	a, a
    0000042D E0r00            [12]  869 	ldh	(_NR10_REG + 0), a
                                    870 ;src/main.c:246: NR11_REG = 0x81;
    0000042F 3E 81            [ 8]  871 	ld	a, #0x81
    00000431 E0r00            [12]  872 	ldh	(_NR11_REG + 0), a
                                    873 ;src/main.c:247: NR12_REG = 0x43;
    00000433 3E 43            [ 8]  874 	ld	a, #0x43
    00000435 E0r00            [12]  875 	ldh	(_NR12_REG + 0), a
                                    876 ;src/main.c:248: NR13_REG = 0x73;
    00000437 3E 73            [ 8]  877 	ld	a, #0x73
    00000439 E0r00            [12]  878 	ldh	(_NR13_REG + 0), a
                                    879 ;src/main.c:249: NR14_REG = 0x86;
    0000043B 3E 86            [ 8]  880 	ld	a, #0x86
    0000043D E0r00            [12]  881 	ldh	(_NR14_REG + 0), a
                                    882 ;/home/enne2/.local/gbdk/include/gb/gb.h:1887: shadow_OAM[nb].tile=tile;
    0000043F 21r52r00         [12]  883 	ld	hl, #(_shadow_OAM + 82)
    00000442 36 0B            [12]  884 	ld	(hl), #0x0b
    00000444 21r56r00         [12]  885 	ld	hl, #(_shadow_OAM + 86)
    00000447 36 0C            [12]  886 	ld	(hl), #0x0c
    00000449 21r5Ar00         [12]  887 	ld	hl, #(_shadow_OAM + 90)
    0000044C 36 0D            [12]  888 	ld	(hl), #0x0d
    0000044E 21r5Er00         [12]  889 	ld	hl, #(_shadow_OAM + 94)
    00000451 36 0E            [12]  890 	ld	(hl), #0x0e
    00000453 21r62r00         [12]  891 	ld	hl, #(_shadow_OAM + 98)
    00000456 36 0F            [12]  892 	ld	(hl), #0x0f
                                    893 ;/home/enne2/.local/gbdk/include/gb/gb.h:1973: OAM_item_t * itm = &shadow_OAM[nb];
    00000458 21r50r00         [12]  894 	ld	hl, #(_shadow_OAM + 80)
                                    895 ;/home/enne2/.local/gbdk/include/gb/gb.h:1974: itm->y=y, itm->x=x;
    0000045B 3E 58            [ 8]  896 	ld	a, #0x58
    0000045D 22               [ 8]  897 	ld	(hl+), a
    0000045E 36 44            [12]  898 	ld	(hl), #0x44
                                    899 ;/home/enne2/.local/gbdk/include/gb/gb.h:1973: OAM_item_t * itm = &shadow_OAM[nb];
    00000460 21r54r00         [12]  900 	ld	hl, #(_shadow_OAM + 84)
                                    901 ;/home/enne2/.local/gbdk/include/gb/gb.h:1974: itm->y=y, itm->x=x;
    00000463 3E 58            [ 8]  902 	ld	a, #0x58
    00000465 22               [ 8]  903 	ld	(hl+), a
    00000466 36 4C            [12]  904 	ld	(hl), #0x4c
                                    905 ;/home/enne2/.local/gbdk/include/gb/gb.h:1973: OAM_item_t * itm = &shadow_OAM[nb];
    00000468 21r58r00         [12]  906 	ld	hl, #(_shadow_OAM + 88)
                                    907 ;/home/enne2/.local/gbdk/include/gb/gb.h:1974: itm->y=y, itm->x=x;
    0000046B 3E 58            [ 8]  908 	ld	a, #0x58
    0000046D 22               [ 8]  909 	ld	(hl+), a
    0000046E 36 54            [12]  910 	ld	(hl), #0x54
                                    911 ;/home/enne2/.local/gbdk/include/gb/gb.h:1973: OAM_item_t * itm = &shadow_OAM[nb];
    00000470 21r5Cr00         [12]  912 	ld	hl, #(_shadow_OAM + 92)
                                    913 ;/home/enne2/.local/gbdk/include/gb/gb.h:1974: itm->y=y, itm->x=x;
    00000473 3E 58            [ 8]  914 	ld	a, #0x58
    00000475 22               [ 8]  915 	ld	(hl+), a
    00000476 36 5C            [12]  916 	ld	(hl), #0x5c
                                    917 ;/home/enne2/.local/gbdk/include/gb/gb.h:1973: OAM_item_t * itm = &shadow_OAM[nb];
    00000478 21r60r00         [12]  918 	ld	hl, #(_shadow_OAM + 96)
                                    919 ;/home/enne2/.local/gbdk/include/gb/gb.h:1974: itm->y=y, itm->x=x;
    0000047B 3E 58            [ 8]  920 	ld	a, #0x58
    0000047D 22               [ 8]  921 	ld	(hl+), a
    0000047E 36 64            [12]  922 	ld	(hl), #0x64
                                    923 ;src/main.c:263: waitpadup(); // Aspetta che START sia rilasciato
    00000480 CDr00r00         [24]  924 	call	_waitpadup
                                    925 ;src/main.c:265: while (1) {
    00000483                        926 00156$:
                                    927 ;src/main.c:266: uint8_t p_keys = joypad();
    00000483 CDr00r00         [24]  928 	call	_joypad
                                    929 ;src/main.c:267: if (p_keys & J_START) {
    00000486 07               [ 4]  930 	rlca
    00000487 30 15            [12]  931 	jr	NC, 00154$
                                    932 ;src/main.c:269: NR10_REG = 0x00;
    00000489 AF               [ 4]  933 	xor	a, a
    0000048A E0r00            [12]  934 	ldh	(_NR10_REG + 0), a
                                    935 ;src/main.c:270: NR11_REG = 0x81;
    0000048C 3E 81            [ 8]  936 	ld	a, #0x81
    0000048E E0r00            [12]  937 	ldh	(_NR11_REG + 0), a
                                    938 ;src/main.c:271: NR12_REG = 0x43;
    00000490 3E 43            [ 8]  939 	ld	a, #0x43
    00000492 E0r00            [12]  940 	ldh	(_NR12_REG + 0), a
                                    941 ;src/main.c:272: NR13_REG = 0x73;
    00000494 3E 73            [ 8]  942 	ld	a, #0x73
    00000496 E0r00            [12]  943 	ldh	(_NR13_REG + 0), a
                                    944 ;src/main.c:273: NR14_REG = 0x86;
    00000498 3E 86            [ 8]  945 	ld	a, #0x86
    0000049A E0r00            [12]  946 	ldh	(_NR14_REG + 0), a
                                    947 ;src/main.c:274: break; // Esci dalla pausa
    0000049C 18 05            [12]  948 	jr	00157$
    0000049E                        949 00154$:
                                    950 ;src/main.c:277: wait_vbl_done();
    0000049E CDr00r00         [24]  951 	call	_wait_vbl_done
    000004A1 18 E0            [12]  952 	jr	00156$
    000004A3                        953 00157$:
                                    954 ;/home/enne2/.local/gbdk/include/gb/gb.h:1973: OAM_item_t * itm = &shadow_OAM[nb];
    000004A3 21r50r00         [12]  955 	ld	hl, #(_shadow_OAM + 80)
                                    956 ;/home/enne2/.local/gbdk/include/gb/gb.h:1974: itm->y=y, itm->x=x;
    000004A6 AF               [ 4]  957 	xor	a, a
    000004A7 22               [ 8]  958 	ld	(hl+), a
    000004A8 77               [ 8]  959 	ld	(hl), a
                                    960 ;/home/enne2/.local/gbdk/include/gb/gb.h:1973: OAM_item_t * itm = &shadow_OAM[nb];
    000004A9 21r54r00         [12]  961 	ld	hl, #(_shadow_OAM + 84)
                                    962 ;/home/enne2/.local/gbdk/include/gb/gb.h:1974: itm->y=y, itm->x=x;
    000004AC AF               [ 4]  963 	xor	a, a
    000004AD 22               [ 8]  964 	ld	(hl+), a
    000004AE 77               [ 8]  965 	ld	(hl), a
                                    966 ;/home/enne2/.local/gbdk/include/gb/gb.h:1973: OAM_item_t * itm = &shadow_OAM[nb];
    000004AF 21r58r00         [12]  967 	ld	hl, #(_shadow_OAM + 88)
                                    968 ;/home/enne2/.local/gbdk/include/gb/gb.h:1974: itm->y=y, itm->x=x;
    000004B2 AF               [ 4]  969 	xor	a, a
    000004B3 22               [ 8]  970 	ld	(hl+), a
    000004B4 77               [ 8]  971 	ld	(hl), a
                                    972 ;/home/enne2/.local/gbdk/include/gb/gb.h:1973: OAM_item_t * itm = &shadow_OAM[nb];
    000004B5 21r5Cr00         [12]  973 	ld	hl, #(_shadow_OAM + 92)
                                    974 ;/home/enne2/.local/gbdk/include/gb/gb.h:1974: itm->y=y, itm->x=x;
    000004B8 AF               [ 4]  975 	xor	a, a
    000004B9 22               [ 8]  976 	ld	(hl+), a
    000004BA 77               [ 8]  977 	ld	(hl), a
                                    978 ;/home/enne2/.local/gbdk/include/gb/gb.h:1973: OAM_item_t * itm = &shadow_OAM[nb];
    000004BB 21r60r00         [12]  979 	ld	hl, #(_shadow_OAM + 96)
                                    980 ;/home/enne2/.local/gbdk/include/gb/gb.h:1974: itm->y=y, itm->x=x;
    000004BE AF               [ 4]  981 	xor	a, a
    000004BF 22               [ 8]  982 	ld	(hl+), a
    000004C0 77               [ 8]  983 	ld	(hl), a
                                    984 ;src/main.c:287: waitpadup(); // Aspetta il rilascio
    000004C1 CDr00r00         [24]  985 	call	_waitpadup
                                    986 ;src/main.c:288: keys = joypad(); // Rileggi per evitare salti
    000004C4 CDr00r00         [24]  987 	call	_joypad
    000004C7                        988 00159$:
                                    989 ;src/main.c:290: main_prev_keys = keys;
    000004C7 EAr00r00         [16]  990 	ld	(#_main_prev_keys),a
                                    991 ;src/main.c:293: update_music();
    000004CA CDr00r00         [24]  992 	call	_update_music
                                    993 ;src/main.c:296: update_rats();
    000004CD CDr00r00         [24]  994 	call	_update_rats
                                    995 ;src/main.c:299: update_cursor();
    000004D0 CDr00r00         [24]  996 	call	_update_cursor
                                    997 ;src/main.c:302: update_bombs();
    000004D3 CDr00r00         [24]  998 	call	_update_bombs
                                    999 ;src/main.c:305: wait_vbl_done();
    000004D6 CDr00r00         [24] 1000 	call	_wait_vbl_done
    000004D9 C3rD2r02         [16] 1001 	jp	00162$
                                   1002 ;src/main.c:307: }
    000004DC E8 0F            [16] 1003 	add	sp, #15
    000004DE C9               [16] 1004 	ret
                                   1005 	.area _CODE
                                   1006 	.area _INITIALIZER
    00000000                       1007 __xinit__main_prev_keys:
    00000000 00                    1008 	.db #0x00	; 0
                                   1009 	.area _CABS (ABS)
