                                      1 ;--------------------------------------------------------
                                      2 ; File Created by SDCC : free open source ISO C Compiler
                                      3 ; Version 4.5.1 #15267 (Linux)
                                      4 ;--------------------------------------------------------
                                      5 	.module maze
                                      6 	
                                      7 ;--------------------------------------------------------
                                      8 ; Public variables in this module
                                      9 ;--------------------------------------------------------
                                     10 	.globl _rand
                                     11 	.globl _stack_ptr
                                     12 	.globl _stack_y
                                     13 	.globl _stack_x
                                     14 	.globl _maze
                                     15 	.globl _generate_maze
                                     16 ;--------------------------------------------------------
                                     17 ; special function registers
                                     18 ;--------------------------------------------------------
                                     19 	.area _HRAM
                                     20 ;--------------------------------------------------------
                                     21 ; ram data
                                     22 ;--------------------------------------------------------
                                     23 	.area _DATA
    00000000                         24 _maze::
    00000000                         25 	.ds 544
    00000220                         26 _stack_x::
    00000220                         27 	.ds 100
    00000284                         28 _stack_y::
    00000284                         29 	.ds 100
                                     30 ;--------------------------------------------------------
                                     31 ; ram data
                                     32 ;--------------------------------------------------------
                                     33 	.area _INITIALIZED
    00000000                         34 _stack_ptr::
    00000000                         35 	.ds 1
                                     36 ;--------------------------------------------------------
                                     37 ; absolute external ram data
                                     38 ;--------------------------------------------------------
                                     39 	.area _DABS (ABS)
                                     40 ;--------------------------------------------------------
                                     41 ; global & static initialisations
                                     42 ;--------------------------------------------------------
                                     43 	.area _HOME
                                     44 	.area _GSINIT
                                     45 	.area _GSFINAL
                                     46 	.area _GSINIT
                                     47 ;--------------------------------------------------------
                                     48 ; Home
                                     49 ;--------------------------------------------------------
                                     50 	.area _HOME
                                     51 	.area _HOME
                                     52 ;--------------------------------------------------------
                                     53 ; code
                                     54 ;--------------------------------------------------------
                                     55 	.area _CODE
                                     56 ;src/maze.c:24: static void push(uint8_t x, uint8_t y) {
                                     57 ;	---------------------------------
                                     58 ; Function push
                                     59 ; ---------------------------------
    00000000                         60 _push:
    00000000 57               [ 4]   61 	ld	d, a
                                     62 ;src/maze.c:25: stack_x[stack_ptr] = x;
    00000001 3Er20            [ 8]   63 	ld	a, #<(_stack_x)
    00000003 21r00r00         [12]   64 	ld	hl, #_stack_ptr
    00000006 86               [ 8]   65 	add	a, (hl)
    00000007 4F               [ 4]   66 	ld	c, a
    00000008 3Es02            [ 8]   67 	ld	a, #>(_stack_x)
    0000000A CE 00            [ 8]   68 	adc	a, #0x00
    0000000C 47               [ 4]   69 	ld	b, a
    0000000D 7A               [ 4]   70 	ld	a, d
    0000000E 02               [ 8]   71 	ld	(bc), a
                                     72 ;src/maze.c:26: stack_y[stack_ptr] = y;
    0000000F 3Er84            [ 8]   73 	ld	a, #<(_stack_y)
    00000011 86               [ 8]   74 	add	a, (hl)
    00000012 4F               [ 4]   75 	ld	c, a
    00000013 3Es02            [ 8]   76 	ld	a, #>(_stack_y)
    00000015 CE 00            [ 8]   77 	adc	a, #0x00
    00000017 47               [ 4]   78 	ld	b, a
    00000018 7B               [ 4]   79 	ld	a, e
    00000019 02               [ 8]   80 	ld	(bc), a
                                     81 ;src/maze.c:27: stack_ptr++;
    0000001A 34               [12]   82 	inc	(hl)
                                     83 ;src/maze.c:28: }
    0000001B C9               [16]   84 	ret
                                     85 ;src/maze.c:35: static void pop(uint8_t *x, uint8_t *y) {
                                     86 ;	---------------------------------
                                     87 ; Function pop
                                     88 ; ---------------------------------
    0000001C                         89 _pop:
    0000001C D5               [16]   90 	push	de
                                     91 ;src/maze.c:36: stack_ptr--;
    0000001D 21r00r00         [12]   92 	ld	hl, #_stack_ptr
    00000020 35               [12]   93 	dec	(hl)
                                     94 ;src/maze.c:37: *x = stack_x[stack_ptr];
    00000021 3Er20            [ 8]   95 	ld	a, #<(_stack_x)
    00000023 86               [ 8]   96 	add	a, (hl)
    00000024 5F               [ 4]   97 	ld	e, a
    00000025 3Es02            [ 8]   98 	ld	a, #>(_stack_x)
    00000027 CE 00            [ 8]   99 	adc	a, #0x00
    00000029 57               [ 4]  100 	ld	d, a
    0000002A 1A               [ 8]  101 	ld	a, (de)
    0000002B E1               [12]  102 	pop	hl
    0000002C E5               [16]  103 	push	hl
    0000002D 77               [ 8]  104 	ld	(hl), a
                                    105 ;src/maze.c:38: *y = stack_y[stack_ptr];
    0000002E 3Er84            [ 8]  106 	ld	a, #<(_stack_y)
    00000030 21r00r00         [12]  107 	ld	hl, #_stack_ptr
    00000033 86               [ 8]  108 	add	a, (hl)
    00000034 5F               [ 4]  109 	ld	e, a
    00000035 3Es02            [ 8]  110 	ld	a, #>(_stack_y)
    00000037 CE 00            [ 8]  111 	adc	a, #0x00
    00000039 57               [ 4]  112 	ld	d, a
    0000003A 1A               [ 8]  113 	ld	a, (de)
    0000003B 02               [ 8]  114 	ld	(bc), a
                                    115 ;src/maze.c:39: }
    0000003C 33               [ 8]  116 	inc	sp
    0000003D 33               [ 8]  117 	inc	sp
    0000003E C9               [16]  118 	ret
                                    119 ;src/maze.c:41: void generate_maze(void) {
                                    120 ;	---------------------------------
                                    121 ; Function generate_maze
                                    122 ; ---------------------------------
    0000003F                        123 _generate_maze::
    0000003F E8 F5            [16]  124 	add	sp, #-11
                                    125 ;src/maze.c:48: for (y = 0; y < MAZE_HEIGHT; y++) {
    00000041 F8 01            [12]  126 	ldhl	sp,	#1
    00000043 36 00            [12]  127 	ld	(hl), #0x00
    00000045 0E 00            [ 8]  128 	ld	c, #0x00
    00000047                        129 00134$:
                                    130 ;src/maze.c:49: for (x = 0; x < MAZE_WIDTH; x++) {
    00000047 F8 00            [12]  131 	ldhl	sp,	#0
    00000049 36 00            [12]  132 	ld	(hl), #0x00
    0000004B 1E 00            [ 8]  133 	ld	e, #0x00
    0000004D                        134 00132$:
                                    135 ;src/maze.c:50: maze[y][x] = 1;
    0000004D F8 09            [12]  136 	ldhl	sp,	#9
    0000004F 79               [ 4]  137 	ld	a, c
    00000050 22               [ 8]  138 	ld	(hl+), a
    00000051 36 00            [12]  139 	ld	(hl), #0x00
    00000053 3E 05            [ 8]  140 	ld	a, #0x05
    00000055                        141 00273$:
    00000055 F8 09            [12]  142 	ldhl	sp,	#9
    00000057 CB 26            [16]  143 	sla	(hl)
    00000059 23               [ 8]  144 	inc	hl
    0000005A CB 16            [16]  145 	rl	(hl)
    0000005C 3D               [ 4]  146 	dec	a
    0000005D 20 F6            [12]  147 	jr	NZ, 00273$
    0000005F D5               [16]  148 	push	de
    00000060 11r00r00         [12]  149 	ld	de, #_maze
    00000063 3A               [ 8]  150 	ld	a, (hl-)
    00000064 6E               [ 8]  151 	ld	l, (hl)
    00000065 67               [ 4]  152 	ld	h, a
    00000066 19               [ 8]  153 	add	hl, de
    00000067 D1               [12]  154 	pop	de
    00000068 16 00            [ 8]  155 	ld	d, #0x00
    0000006A 19               [ 8]  156 	add	hl, de
    0000006B 36 01            [12]  157 	ld	(hl), #0x01
                                    158 ;src/maze.c:49: for (x = 0; x < MAZE_WIDTH; x++) {
    0000006D 1C               [ 4]  159 	inc	e
    0000006E F8 00            [12]  160 	ldhl	sp,	#0
    00000070 7B               [ 4]  161 	ld	a,e
    00000071 77               [ 8]  162 	ld	(hl),a
    00000072 D6 13            [ 8]  163 	sub	a, #0x13
    00000074 38 D7            [12]  164 	jr	C, 00132$
                                    165 ;src/maze.c:48: for (y = 0; y < MAZE_HEIGHT; y++) {
    00000076 3E 13            [ 8]  166 	ld	a, #0x13
    00000078 22               [ 8]  167 	ld	(hl+), a
    00000079 0C               [ 4]  168 	inc	c
    0000007A 79               [ 4]  169 	ld	a,c
    0000007B 77               [ 8]  170 	ld	(hl),a
    0000007C D6 11            [ 8]  171 	sub	a, #0x11
    0000007E 38 C7            [12]  172 	jr	C, 00134$
                                    173 ;src/maze.c:56: stack_ptr = 0;
    00000080 36 11            [12]  174 	ld	(hl), #0x11
    00000082 AF               [ 4]  175 	xor	a, a
    00000083 EAr00r00         [16]  176 	ld	(#_stack_ptr),a
                                    177 ;src/maze.c:57: push(1, 1);
    00000086 3E 01            [ 8]  178 	ld	a,#0x01
    00000088 5F               [ 4]  179 	ld	e,a
    00000089 CDr00r00         [24]  180 	call	_push
                                    181 ;src/maze.c:58: maze[1][1] = 0; // 0 = calpestabile
    0000008C 21r21r00         [12]  182 	ld	hl, #_maze + 33
    0000008F 36 00            [12]  183 	ld	(hl), #0x00
                                    184 ;src/maze.c:61: while (stack_ptr > 0) {
    00000091                        185 00129$:
    00000091 21r00r00         [12]  186 	ld	hl, #_stack_ptr
    00000094 7E               [ 8]  187 	ld	a, (hl)
    00000095 B7               [ 4]  188 	or	a, a
    00000096 CAr45r02         [16]  189 	jp	Z, 00136$
                                    190 ;src/maze.c:63: x = stack_x[stack_ptr - 1];
    00000099 7E               [ 8]  191 	ld	a, (hl)
    0000009A 3D               [ 4]  192 	dec	a
    0000009B 5F               [ 4]  193 	ld	e, a
    0000009C 07               [ 4]  194 	rlca
    0000009D 9F               [ 4]  195 	sbc	a, a
    0000009E 57               [ 4]  196 	ld	d, a
    0000009F 21r20r02         [12]  197 	ld	hl, #_stack_x
    000000A2 19               [ 8]  198 	add	hl, de
    000000A3 46               [ 8]  199 	ld	b, (hl)
    000000A4 F8 00            [12]  200 	ldhl	sp,	#0
    000000A6 70               [ 8]  201 	ld	(hl), b
                                    202 ;src/maze.c:64: y = stack_y[stack_ptr - 1];
    000000A7 21r84r02         [12]  203 	ld	hl, #_stack_y
    000000AA 19               [ 8]  204 	add	hl, de
    000000AB 5E               [ 8]  205 	ld	e, (hl)
    000000AC F8 01            [12]  206 	ldhl	sp,	#1
    000000AE 73               [ 8]  207 	ld	(hl), e
                                    208 ;src/maze.c:67: count = 0;
    000000AF 0E 00            [ 8]  209 	ld	c, #0x00
                                    210 ;src/maze.c:68: if (x >= 2 && maze[y][x - 2] == 1) dirs[count++] = 0; // Controllo Sinistra
    000000B1 78               [ 4]  211 	ld	a, b
    000000B2 D6 02            [ 8]  212 	sub	a, #0x02
    000000B4 38 1C            [12]  213 	jr	C, 00104$
    000000B6 6B               [ 4]  214 	ld	l, e
    000000B7 26 00            [ 8]  215 	ld	h, #0x00
    000000B9 29               [ 8]  216 	add	hl, hl
    000000BA 29               [ 8]  217 	add	hl, hl
    000000BB 29               [ 8]  218 	add	hl, hl
    000000BC 29               [ 8]  219 	add	hl, hl
    000000BD 29               [ 8]  220 	add	hl, hl
    000000BE 11r00r00         [12]  221 	ld	de, #_maze
    000000C1 19               [ 8]  222 	add	hl, de
    000000C2 58               [ 4]  223 	ld	e, b
    000000C3 1D               [ 4]  224 	dec	e
    000000C4 1D               [ 4]  225 	dec	e
    000000C5 16 00            [ 8]  226 	ld	d, #0x00
    000000C7 19               [ 8]  227 	add	hl, de
    000000C8 7E               [ 8]  228 	ld	a, (hl)
    000000C9 3D               [ 4]  229 	dec	a
    000000CA 20 06            [12]  230 	jr	NZ, 00104$
    000000CC 0E 01            [ 8]  231 	ld	c, #0x01
    000000CE F8 02            [12]  232 	ldhl	sp,	#2
    000000D0 36 00            [12]  233 	ld	(hl), #0x00
    000000D2                        234 00104$:
                                    235 ;src/maze.c:69: if (x <= MAZE_WIDTH - 3 && maze[y][x + 2] == 1) dirs[count++] = 1; // Controllo Destra
    000000D2 3E 10            [ 8]  236 	ld	a, #0x10
    000000D4 F8 00            [12]  237 	ldhl	sp,	#0
    000000D6 96               [ 8]  238 	sub	a, (hl)
    000000D7 38 2A            [12]  239 	jr	C, 00107$
    000000D9 23               [ 8]  240 	inc	hl
    000000DA 46               [ 8]  241 	ld	b, (hl)
    000000DB AF               [ 4]  242 	xor	a, a
    000000DC 68               [ 4]  243 	ld	l, b
    000000DD 67               [ 4]  244 	ld	h, a
    000000DE 29               [ 8]  245 	add	hl, hl
    000000DF 29               [ 8]  246 	add	hl, hl
    000000E0 29               [ 8]  247 	add	hl, hl
    000000E1 29               [ 8]  248 	add	hl, hl
    000000E2 29               [ 8]  249 	add	hl, hl
    000000E3 7D               [ 4]  250 	ld	a, l
    000000E4 C6r00            [ 8]  251 	add	a, #<(_maze)
    000000E6 5F               [ 4]  252 	ld	e, a
    000000E7 7C               [ 4]  253 	ld	a, h
    000000E8 CEs00            [ 8]  254 	adc	a, #>(_maze)
    000000EA 57               [ 4]  255 	ld	d, a
    000000EB F8 00            [12]  256 	ldhl	sp,	#0
    000000ED 7E               [ 8]  257 	ld	a, (hl)
    000000EE C6 02            [ 8]  258 	add	a, #0x02
    000000F0 6F               [ 4]  259 	ld	l, a
    000000F1 26 00            [ 8]  260 	ld	h, #0x00
    000000F3 19               [ 8]  261 	add	hl, de
    000000F4 7E               [ 8]  262 	ld	a, (hl)
    000000F5 3D               [ 4]  263 	dec	a
    000000F6 20 0B            [12]  264 	jr	NZ, 00107$
    000000F8 59               [ 4]  265 	ld	e, c
    000000F9 0C               [ 4]  266 	inc	c
    000000FA 16 00            [ 8]  267 	ld	d, #0x00
    000000FC 21 02 00         [12]  268 	ld	hl, #2
    000000FF 39               [ 8]  269 	add	hl, sp
    00000100 19               [ 8]  270 	add	hl, de
    00000101 36 01            [12]  271 	ld	(hl), #0x01
    00000103                        272 00107$:
                                    273 ;src/maze.c:70: if (y >= 2 && maze[y - 2][x] == 1) dirs[count++] = 2; // Controllo Su
    00000103 F8 01            [12]  274 	ldhl	sp,	#1
    00000105 7E               [ 8]  275 	ld	a, (hl)
    00000106 D6 02            [ 8]  276 	sub	a, #0x02
    00000108 38 28            [12]  277 	jr	C, 00110$
    0000010A 46               [ 8]  278 	ld	b, (hl)
    0000010B AF               [ 4]  279 	xor	a, a
    0000010C 68               [ 4]  280 	ld	l, b
    0000010D 67               [ 4]  281 	ld	h, a
    0000010E 2B               [ 8]  282 	dec	hl
    0000010F 2B               [ 8]  283 	dec	hl
    00000110 29               [ 8]  284 	add	hl, hl
    00000111 29               [ 8]  285 	add	hl, hl
    00000112 29               [ 8]  286 	add	hl, hl
    00000113 29               [ 8]  287 	add	hl, hl
    00000114 29               [ 8]  288 	add	hl, hl
    00000115 7D               [ 4]  289 	ld	a, l
    00000116 C6r00            [ 8]  290 	add	a, #<(_maze)
    00000118 5F               [ 4]  291 	ld	e, a
    00000119 7C               [ 4]  292 	ld	a, h
    0000011A CEs00            [ 8]  293 	adc	a, #>(_maze)
    0000011C 57               [ 4]  294 	ld	d, a
    0000011D F8 00            [12]  295 	ldhl	sp,	#0
    0000011F 6E               [ 8]  296 	ld	l, (hl)
    00000120 26 00            [ 8]  297 	ld	h, #0x00
    00000122 19               [ 8]  298 	add	hl, de
    00000123 7E               [ 8]  299 	ld	a, (hl)
    00000124 3D               [ 4]  300 	dec	a
    00000125 20 0B            [12]  301 	jr	NZ, 00110$
    00000127 59               [ 4]  302 	ld	e, c
    00000128 0C               [ 4]  303 	inc	c
    00000129 16 00            [ 8]  304 	ld	d, #0x00
    0000012B 21 02 00         [12]  305 	ld	hl, #2
    0000012E 39               [ 8]  306 	add	hl, sp
    0000012F 19               [ 8]  307 	add	hl, de
    00000130 36 02            [12]  308 	ld	(hl), #0x02
    00000132                        309 00110$:
                                    310 ;src/maze.c:71: if (y <= MAZE_HEIGHT - 3 && maze[y + 2][x] == 1) dirs[count++] = 3; // Controllo Giù
    00000132 3E 0E            [ 8]  311 	ld	a, #0x0e
    00000134 F8 01            [12]  312 	ldhl	sp,	#1
    00000136 96               [ 8]  313 	sub	a, (hl)
    00000137 38 28            [12]  314 	jr	C, 00113$
    00000139 46               [ 8]  315 	ld	b, (hl)
    0000013A AF               [ 4]  316 	xor	a, a
    0000013B 68               [ 4]  317 	ld	l, b
    0000013C 67               [ 4]  318 	ld	h, a
    0000013D 23               [ 8]  319 	inc	hl
    0000013E 23               [ 8]  320 	inc	hl
    0000013F 29               [ 8]  321 	add	hl, hl
    00000140 29               [ 8]  322 	add	hl, hl
    00000141 29               [ 8]  323 	add	hl, hl
    00000142 29               [ 8]  324 	add	hl, hl
    00000143 29               [ 8]  325 	add	hl, hl
    00000144 7D               [ 4]  326 	ld	a, l
    00000145 C6r00            [ 8]  327 	add	a, #<(_maze)
    00000147 5F               [ 4]  328 	ld	e, a
    00000148 7C               [ 4]  329 	ld	a, h
    00000149 CEs00            [ 8]  330 	adc	a, #>(_maze)
    0000014B 57               [ 4]  331 	ld	d, a
    0000014C F8 00            [12]  332 	ldhl	sp,	#0
    0000014E 6E               [ 8]  333 	ld	l, (hl)
    0000014F 26 00            [ 8]  334 	ld	h, #0x00
    00000151 19               [ 8]  335 	add	hl, de
    00000152 7E               [ 8]  336 	ld	a, (hl)
    00000153 3D               [ 4]  337 	dec	a
    00000154 20 0B            [12]  338 	jr	NZ, 00113$
    00000156 59               [ 4]  339 	ld	e, c
    00000157 0C               [ 4]  340 	inc	c
    00000158 16 00            [ 8]  341 	ld	d, #0x00
    0000015A 21 02 00         [12]  342 	ld	hl, #2
    0000015D 39               [ 8]  343 	add	hl, sp
    0000015E 19               [ 8]  344 	add	hl, de
    0000015F 36 03            [12]  345 	ld	(hl), #0x03
    00000161                        346 00113$:
                                    347 ;src/maze.c:73: if (count > 0) {
    00000161 79               [ 4]  348 	ld	a, c
    00000162 B7               [ 4]  349 	or	a, a
    00000163 CAr37r02         [16]  350 	jp	Z, 00127$
                                    351 ;src/maze.c:76: r = rand() % count;
    00000166 CDr00r00         [24]  352 	call	_rand
    00000169 7B               [ 4]  353 	ld	a, e
    0000016A 59               [ 4]  354 	ld	e, c
                                    355 ;src/maze.c:78: nx = x; ny = y;
    0000016B CDr00r00         [24]  356 	call	__moduchar
    0000016E F8 00            [12]  357 	ldhl	sp,	#0
    00000170 2A               [ 8]  358 	ld	a, (hl+)
    00000171 57               [ 4]  359 	ld	d, a
    00000172 5E               [ 8]  360 	ld	e, (hl)
                                    361 ;src/maze.c:80: if (dirs[r] == 0) { nx -= 2; maze[y][x - 1] = 0; }
    00000173 D5               [16]  362 	push	de
    00000174 59               [ 4]  363 	ld	e, c
    00000175 16 00            [ 8]  364 	ld	d, #0x00
    00000177 21 04 00         [12]  365 	ld	hl, #4
    0000017A 39               [ 8]  366 	add	hl, sp
    0000017B 19               [ 8]  367 	add	hl, de
    0000017C D1               [12]  368 	pop	de
    0000017D 7E               [ 8]  369 	ld	a, (hl)
    0000017E F8 06            [12]  370 	ldhl	sp,	#6
    00000180 77               [ 8]  371 	ld	(hl), a
                                    372 ;src/maze.c:69: if (x <= MAZE_WIDTH - 3 && maze[y][x + 2] == 1) dirs[count++] = 1; // Controllo Destra
    00000181 F8 00            [12]  373 	ldhl	sp,	#0
    00000183 7E               [ 8]  374 	ld	a, (hl)
    00000184 F8 07            [12]  375 	ldhl	sp,	#7
                                    376 ;src/maze.c:80: if (dirs[r] == 0) { nx -= 2; maze[y][x - 1] = 0; }
    00000186 22               [ 8]  377 	ld	(hl+), a
    00000187 72               [ 8]  378 	ld	(hl), d
    00000188 6B               [ 4]  379 	ld	l, e
    00000189 26 00            [ 8]  380 	ld	h, #0x00
    0000018B 29               [ 8]  381 	add	hl, hl
    0000018C 29               [ 8]  382 	add	hl, hl
    0000018D 29               [ 8]  383 	add	hl, hl
    0000018E 29               [ 8]  384 	add	hl, hl
    0000018F 29               [ 8]  385 	add	hl, hl
    00000190 01r00r00         [12]  386 	ld	bc, #_maze
    00000193 09               [ 8]  387 	add	hl, bc
    00000194 E5               [16]  388 	push	hl
    00000195 7D               [ 4]  389 	ld	a, l
    00000196 F8 0B            [12]  390 	ldhl	sp,	#11
    00000198 77               [ 8]  391 	ld	(hl), a
    00000199 E1               [12]  392 	pop	hl
    0000019A 7C               [ 4]  393 	ld	a, h
    0000019B F8 0A            [12]  394 	ldhl	sp,	#10
    0000019D 77               [ 8]  395 	ld	(hl), a
    0000019E F8 06            [12]  396 	ldhl	sp,	#6
    000001A0 7E               [ 8]  397 	ld	a, (hl)
    000001A1 B7               [ 4]  398 	or	a, a
    000001A2 20 18            [12]  399 	jr	NZ, 00124$
    000001A4 23               [ 8]  400 	inc	hl
    000001A5 23               [ 8]  401 	inc	hl
    000001A6 3A               [ 8]  402 	ld	a, (hl-)
    000001A7 57               [ 4]  403 	ld	d, a
    000001A8 15               [ 4]  404 	dec	d
    000001A9 15               [ 4]  405 	dec	d
    000001AA 2A               [ 8]  406 	ld	a, (hl+)
    000001AB 23               [ 8]  407 	inc	hl
    000001AC 3D               [ 4]  408 	dec	a
    000001AD D5               [16]  409 	push	de
    000001AE 5F               [ 4]  410 	ld	e, a
    000001AF 16 00            [ 8]  411 	ld	d, #0x00
    000001B1 2A               [ 8]  412 	ld	a,	(hl+)
    000001B2 66               [ 8]  413 	ld	h, (hl)
    000001B3 6F               [ 4]  414 	ld	l, a
    000001B4 19               [ 8]  415 	add	hl, de
    000001B5 D1               [12]  416 	pop	de
    000001B6 4D               [ 4]  417 	ld	c, l
    000001B7 44               [ 4]  418 	ld	b, h
    000001B8 AF               [ 4]  419 	xor	a, a
    000001B9 02               [ 8]  420 	ld	(bc), a
    000001BA 18 62            [12]  421 	jr	00125$
    000001BC                        422 00124$:
                                    423 ;src/maze.c:81: else if (dirs[r] == 1) { nx += 2; maze[y][x + 1] = 0; }
    000001BC F8 06            [12]  424 	ldhl	sp,	#6
    000001BE 7E               [ 8]  425 	ld	a, (hl)
    000001BF 3D               [ 4]  426 	dec	a
    000001C0 20 18            [12]  427 	jr	NZ, 00121$
    000001C2 F8 08            [12]  428 	ldhl	sp,	#8
    000001C4 3A               [ 8]  429 	ld	a, (hl-)
    000001C5 57               [ 4]  430 	ld	d, a
    000001C6 14               [ 4]  431 	inc	d
    000001C7 14               [ 4]  432 	inc	d
    000001C8 2A               [ 8]  433 	ld	a, (hl+)
    000001C9 23               [ 8]  434 	inc	hl
    000001CA 3C               [ 4]  435 	inc	a
    000001CB D5               [16]  436 	push	de
    000001CC 5F               [ 4]  437 	ld	e, a
    000001CD 16 00            [ 8]  438 	ld	d, #0x00
    000001CF 2A               [ 8]  439 	ld	a,	(hl+)
    000001D0 66               [ 8]  440 	ld	h, (hl)
    000001D1 6F               [ 4]  441 	ld	l, a
    000001D2 19               [ 8]  442 	add	hl, de
    000001D3 D1               [12]  443 	pop	de
    000001D4 4D               [ 4]  444 	ld	c, l
    000001D5 44               [ 4]  445 	ld	b, h
    000001D6 AF               [ 4]  446 	xor	a, a
    000001D7 02               [ 8]  447 	ld	(bc), a
    000001D8 18 44            [12]  448 	jr	00125$
    000001DA                        449 00121$:
                                    450 ;src/maze.c:69: if (x <= MAZE_WIDTH - 3 && maze[y][x + 2] == 1) dirs[count++] = 1; // Controllo Destra
    000001DA F8 01            [12]  451 	ldhl	sp,	#1
    000001DC 4E               [ 8]  452 	ld	c, (hl)
    000001DD 06 00            [ 8]  453 	ld	b, #0x00
                                    454 ;src/maze.c:82: else if (dirs[r] == 2) { ny -= 2; maze[y - 1][x] = 0; }
    000001DF 6B               [ 4]  455 	ld	l, e
    000001E0 E5               [16]  456 	push	hl
    000001E1 F8 08            [12]  457 	ldhl	sp,	#8
    000001E3 7E               [ 8]  458 	ld	a, (hl)
    000001E4 D6 02            [ 8]  459 	sub	a, #0x02
    000001E6 E1               [12]  460 	pop	hl
    000001E7 20 17            [12]  461 	jr	NZ, 00118$
    000001E9 5D               [ 4]  462 	ld	e, l
    000001EA 1D               [ 4]  463 	dec	e
    000001EB 1D               [ 4]  464 	dec	e
    000001EC 0B               [ 8]  465 	dec	bc
    000001ED 69               [ 4]  466 	ld	l, c
    000001EE 60               [ 4]  467 	ld	h, b
    000001EF 29               [ 8]  468 	add	hl, hl
    000001F0 29               [ 8]  469 	add	hl, hl
    000001F1 29               [ 8]  470 	add	hl, hl
    000001F2 29               [ 8]  471 	add	hl, hl
    000001F3 29               [ 8]  472 	add	hl, hl
    000001F4 01r00r00         [12]  473 	ld	bc, #_maze
    000001F7 09               [ 8]  474 	add	hl, bc
    000001F8 4A               [ 4]  475 	ld	c, d
    000001F9 06 00            [ 8]  476 	ld	b, #0x00
    000001FB 09               [ 8]  477 	add	hl, bc
    000001FC 36 00            [12]  478 	ld	(hl), #0x00
    000001FE 18 1E            [12]  479 	jr	00125$
    00000200                        480 00118$:
                                    481 ;src/maze.c:83: else if (dirs[r] == 3) { ny += 2; maze[y + 1][x] = 0; }
    00000200 E5               [16]  482 	push	hl
    00000201 F8 08            [12]  483 	ldhl	sp,	#8
    00000203 7E               [ 8]  484 	ld	a, (hl)
    00000204 D6 03            [ 8]  485 	sub	a, #0x03
    00000206 E1               [12]  486 	pop	hl
    00000207 20 15            [12]  487 	jr	NZ, 00125$
    00000209 5D               [ 4]  488 	ld	e, l
    0000020A 1C               [ 4]  489 	inc	e
    0000020B 1C               [ 4]  490 	inc	e
    0000020C 69               [ 4]  491 	ld	l, c
    0000020D 60               [ 4]  492 	ld	h, b
    0000020E 23               [ 8]  493 	inc	hl
    0000020F 29               [ 8]  494 	add	hl, hl
    00000210 29               [ 8]  495 	add	hl, hl
    00000211 29               [ 8]  496 	add	hl, hl
    00000212 29               [ 8]  497 	add	hl, hl
    00000213 29               [ 8]  498 	add	hl, hl
    00000214 01r00r00         [12]  499 	ld	bc, #_maze
    00000217 09               [ 8]  500 	add	hl, bc
    00000218 4A               [ 4]  501 	ld	c, d
    00000219 06 00            [ 8]  502 	ld	b, #0x00
    0000021B 09               [ 8]  503 	add	hl, bc
    0000021C 36 00            [12]  504 	ld	(hl), #0x00
    0000021E                        505 00125$:
                                    506 ;src/maze.c:86: maze[ny][nx] = 0;
    0000021E 6B               [ 4]  507 	ld	l, e
    0000021F AF               [ 4]  508 	xor	a, a
    00000220 67               [ 4]  509 	ld	h, a
    00000221 29               [ 8]  510 	add	hl, hl
    00000222 29               [ 8]  511 	add	hl, hl
    00000223 29               [ 8]  512 	add	hl, hl
    00000224 29               [ 8]  513 	add	hl, hl
    00000225 29               [ 8]  514 	add	hl, hl
    00000226 01r00r00         [12]  515 	ld	bc, #_maze
    00000229 09               [ 8]  516 	add	hl, bc
    0000022A 4A               [ 4]  517 	ld	c, d
    0000022B 06 00            [ 8]  518 	ld	b, #0x00
    0000022D 09               [ 8]  519 	add	hl, bc
    0000022E 36 00            [12]  520 	ld	(hl), #0x00
                                    521 ;src/maze.c:88: push(nx, ny);
    00000230 7A               [ 4]  522 	ld	a, d
    00000231 CDr00r00         [24]  523 	call	_push
    00000234 C3r91r00         [16]  524 	jp	00129$
    00000237                        525 00127$:
                                    526 ;src/maze.c:92: pop(&x, &y);
    00000237 F8 01            [12]  527 	ldhl	sp,	#1
    00000239 4D               [ 4]  528 	ld	c, l
    0000023A 44               [ 4]  529 	ld	b, h
    0000023B F8 00            [12]  530 	ldhl	sp,	#0
    0000023D 5D               [ 4]  531 	ld	e, l
    0000023E 54               [ 4]  532 	ld	d, h
    0000023F CDr1Cr00         [24]  533 	call	_pop
    00000242 C3r91r00         [16]  534 	jp	00129$
    00000245                        535 00136$:
                                    536 ;src/maze.c:95: }
    00000245 E8 0B            [16]  537 	add	sp, #11
    00000247 C9               [16]  538 	ret
                                    539 	.area _CODE
                                    540 	.area _INITIALIZER
    00000000                        541 __xinit__stack_ptr:
    00000000 00                     542 	.db #0x00	; 0
                                    543 	.area _CABS (ABS)
