                                      1 ;--------------------------------------------------------
                                      2 ; File Created by SDCC : free open source ISO C Compiler
                                      3 ; Version 4.5.1 #15267 (Linux)
                                      4 ;--------------------------------------------------------
                                      5 	.module numbers_gfx
                                      6 	
                                      7 ;--------------------------------------------------------
                                      8 ; Public variables in this module
                                      9 ;--------------------------------------------------------
                                     10 	.globl _NumberTiles
                                     11 ;--------------------------------------------------------
                                     12 ; special function registers
                                     13 ;--------------------------------------------------------
                                     14 	.area _HRAM
                                     15 ;--------------------------------------------------------
                                     16 ; ram data
                                     17 ;--------------------------------------------------------
                                     18 	.area _DATA
                                     19 ;--------------------------------------------------------
                                     20 ; ram data
                                     21 ;--------------------------------------------------------
                                     22 	.area _INITIALIZED
                                     23 ;--------------------------------------------------------
                                     24 ; absolute external ram data
                                     25 ;--------------------------------------------------------
                                     26 	.area _DABS (ABS)
                                     27 ;--------------------------------------------------------
                                     28 ; global & static initialisations
                                     29 ;--------------------------------------------------------
                                     30 	.area _HOME
                                     31 	.area _GSINIT
                                     32 	.area _GSFINAL
                                     33 	.area _GSINIT
                                     34 ;--------------------------------------------------------
                                     35 ; Home
                                     36 ;--------------------------------------------------------
                                     37 	.area _HOME
                                     38 	.area _HOME
                                     39 ;--------------------------------------------------------
                                     40 ; code
                                     41 ;--------------------------------------------------------
                                     42 	.area _CODE
                                     43 	.area _CODE
    00000000                         44 _NumberTiles:
    00000000 FF                      45 	.db #0xff	; 255
    00000001 00                      46 	.db #0x00	; 0
    00000002 FF                      47 	.db #0xff	; 255
    00000003 38                      48 	.db #0x38	; 56	'8'
    00000004 FF                      49 	.db #0xff	; 255
    00000005 44                      50 	.db #0x44	; 68	'D'
    00000006 FF                      51 	.db #0xff	; 255
    00000007 44                      52 	.db #0x44	; 68	'D'
    00000008 FF                      53 	.db #0xff	; 255
    00000009 44                      54 	.db #0x44	; 68	'D'
    0000000A FF                      55 	.db #0xff	; 255
    0000000B 38                      56 	.db #0x38	; 56	'8'
    0000000C FF                      57 	.db #0xff	; 255
    0000000D 00                      58 	.db #0x00	; 0
    0000000E FF                      59 	.db #0xff	; 255
    0000000F 00                      60 	.db #0x00	; 0
    00000010 FF                      61 	.db #0xff	; 255
    00000011 00                      62 	.db #0x00	; 0
    00000012 FF                      63 	.db #0xff	; 255
    00000013 10                      64 	.db #0x10	; 16
    00000014 FF                      65 	.db #0xff	; 255
    00000015 30                      66 	.db #0x30	; 48	'0'
    00000016 FF                      67 	.db #0xff	; 255
    00000017 10                      68 	.db #0x10	; 16
    00000018 FF                      69 	.db #0xff	; 255
    00000019 10                      70 	.db #0x10	; 16
    0000001A FF                      71 	.db #0xff	; 255
    0000001B 38                      72 	.db #0x38	; 56	'8'
    0000001C FF                      73 	.db #0xff	; 255
    0000001D 00                      74 	.db #0x00	; 0
    0000001E FF                      75 	.db #0xff	; 255
    0000001F 00                      76 	.db #0x00	; 0
    00000020 FF                      77 	.db #0xff	; 255
    00000021 00                      78 	.db #0x00	; 0
    00000022 FF                      79 	.db #0xff	; 255
    00000023 38                      80 	.db #0x38	; 56	'8'
    00000024 FF                      81 	.db #0xff	; 255
    00000025 44                      82 	.db #0x44	; 68	'D'
    00000026 FF                      83 	.db #0xff	; 255
    00000027 08                      84 	.db #0x08	; 8
    00000028 FF                      85 	.db #0xff	; 255
    00000029 10                      86 	.db #0x10	; 16
    0000002A FF                      87 	.db #0xff	; 255
    0000002B 7C                      88 	.db #0x7c	; 124
    0000002C FF                      89 	.db #0xff	; 255
    0000002D 00                      90 	.db #0x00	; 0
    0000002E FF                      91 	.db #0xff	; 255
    0000002F 00                      92 	.db #0x00	; 0
    00000030 FF                      93 	.db #0xff	; 255
    00000031 00                      94 	.db #0x00	; 0
    00000032 FF                      95 	.db #0xff	; 255
    00000033 38                      96 	.db #0x38	; 56	'8'
    00000034 FF                      97 	.db #0xff	; 255
    00000035 44                      98 	.db #0x44	; 68	'D'
    00000036 FF                      99 	.db #0xff	; 255
    00000037 18                     100 	.db #0x18	; 24
    00000038 FF                     101 	.db #0xff	; 255
    00000039 44                     102 	.db #0x44	; 68	'D'
    0000003A FF                     103 	.db #0xff	; 255
    0000003B 38                     104 	.db #0x38	; 56	'8'
    0000003C FF                     105 	.db #0xff	; 255
    0000003D 00                     106 	.db #0x00	; 0
    0000003E FF                     107 	.db #0xff	; 255
    0000003F 00                     108 	.db #0x00	; 0
    00000040 FF                     109 	.db #0xff	; 255
    00000041 00                     110 	.db #0x00	; 0
    00000042 FF                     111 	.db #0xff	; 255
    00000043 48                     112 	.db #0x48	; 72	'H'
    00000044 FF                     113 	.db #0xff	; 255
    00000045 48                     114 	.db #0x48	; 72	'H'
    00000046 FF                     115 	.db #0xff	; 255
    00000047 7C                     116 	.db #0x7c	; 124
    00000048 FF                     117 	.db #0xff	; 255
    00000049 08                     118 	.db #0x08	; 8
    0000004A FF                     119 	.db #0xff	; 255
    0000004B 08                     120 	.db #0x08	; 8
    0000004C FF                     121 	.db #0xff	; 255
    0000004D 00                     122 	.db #0x00	; 0
    0000004E FF                     123 	.db #0xff	; 255
    0000004F 00                     124 	.db #0x00	; 0
    00000050 FF                     125 	.db #0xff	; 255
    00000051 00                     126 	.db #0x00	; 0
    00000052 FF                     127 	.db #0xff	; 255
    00000053 7C                     128 	.db #0x7c	; 124
    00000054 FF                     129 	.db #0xff	; 255
    00000055 40                     130 	.db #0x40	; 64
    00000056 FF                     131 	.db #0xff	; 255
    00000057 78                     132 	.db #0x78	; 120	'x'
    00000058 FF                     133 	.db #0xff	; 255
    00000059 04                     134 	.db #0x04	; 4
    0000005A FF                     135 	.db #0xff	; 255
    0000005B 78                     136 	.db #0x78	; 120	'x'
    0000005C FF                     137 	.db #0xff	; 255
    0000005D 00                     138 	.db #0x00	; 0
    0000005E FF                     139 	.db #0xff	; 255
    0000005F 00                     140 	.db #0x00	; 0
    00000060 FF                     141 	.db #0xff	; 255
    00000061 00                     142 	.db #0x00	; 0
    00000062 FF                     143 	.db #0xff	; 255
    00000063 38                     144 	.db #0x38	; 56	'8'
    00000064 FF                     145 	.db #0xff	; 255
    00000065 40                     146 	.db #0x40	; 64
    00000066 FF                     147 	.db #0xff	; 255
    00000067 78                     148 	.db #0x78	; 120	'x'
    00000068 FF                     149 	.db #0xff	; 255
    00000069 44                     150 	.db #0x44	; 68	'D'
    0000006A FF                     151 	.db #0xff	; 255
    0000006B 38                     152 	.db #0x38	; 56	'8'
    0000006C FF                     153 	.db #0xff	; 255
    0000006D 00                     154 	.db #0x00	; 0
    0000006E FF                     155 	.db #0xff	; 255
    0000006F 00                     156 	.db #0x00	; 0
    00000070 FF                     157 	.db #0xff	; 255
    00000071 00                     158 	.db #0x00	; 0
    00000072 FF                     159 	.db #0xff	; 255
    00000073 7C                     160 	.db #0x7c	; 124
    00000074 FF                     161 	.db #0xff	; 255
    00000075 04                     162 	.db #0x04	; 4
    00000076 FF                     163 	.db #0xff	; 255
    00000077 08                     164 	.db #0x08	; 8
    00000078 FF                     165 	.db #0xff	; 255
    00000079 10                     166 	.db #0x10	; 16
    0000007A FF                     167 	.db #0xff	; 255
    0000007B 10                     168 	.db #0x10	; 16
    0000007C FF                     169 	.db #0xff	; 255
    0000007D 00                     170 	.db #0x00	; 0
    0000007E FF                     171 	.db #0xff	; 255
    0000007F 00                     172 	.db #0x00	; 0
    00000080 FF                     173 	.db #0xff	; 255
    00000081 00                     174 	.db #0x00	; 0
    00000082 FF                     175 	.db #0xff	; 255
    00000083 38                     176 	.db #0x38	; 56	'8'
    00000084 FF                     177 	.db #0xff	; 255
    00000085 44                     178 	.db #0x44	; 68	'D'
    00000086 FF                     179 	.db #0xff	; 255
    00000087 38                     180 	.db #0x38	; 56	'8'
    00000088 FF                     181 	.db #0xff	; 255
    00000089 44                     182 	.db #0x44	; 68	'D'
    0000008A FF                     183 	.db #0xff	; 255
    0000008B 38                     184 	.db #0x38	; 56	'8'
    0000008C FF                     185 	.db #0xff	; 255
    0000008D 00                     186 	.db #0x00	; 0
    0000008E FF                     187 	.db #0xff	; 255
    0000008F 00                     188 	.db #0x00	; 0
    00000090 FF                     189 	.db #0xff	; 255
    00000091 00                     190 	.db #0x00	; 0
    00000092 FF                     191 	.db #0xff	; 255
    00000093 38                     192 	.db #0x38	; 56	'8'
    00000094 FF                     193 	.db #0xff	; 255
    00000095 44                     194 	.db #0x44	; 68	'D'
    00000096 FF                     195 	.db #0xff	; 255
    00000097 3C                     196 	.db #0x3c	; 60
    00000098 FF                     197 	.db #0xff	; 255
    00000099 04                     198 	.db #0x04	; 4
    0000009A FF                     199 	.db #0xff	; 255
    0000009B 38                     200 	.db #0x38	; 56	'8'
    0000009C FF                     201 	.db #0xff	; 255
    0000009D 00                     202 	.db #0x00	; 0
    0000009E FF                     203 	.db #0xff	; 255
    0000009F 00                     204 	.db #0x00	; 0
                                    205 	.area _INITIALIZER
                                    206 	.area _CABS (ABS)
