                                      1 ;--------------------------------------------------------
                                      2 ; File Created by SDCC : free open source ISO C Compiler
                                      3 ; Version 4.5.1 #15267 (Linux)
                                      4 ;--------------------------------------------------------
                                      5 	.module pause_gfx
                                      6 	
                                      7 ;--------------------------------------------------------
                                      8 ; Public variables in this module
                                      9 ;--------------------------------------------------------
                                     10 	.globl _PauseTiles
                                     11 ;--------------------------------------------------------
                                     12 ; special function registers
                                     13 ;--------------------------------------------------------
                                     14 	.area _HRAM
                                     15 ;--------------------------------------------------------
                                     16 ; ram data
                                     17 ;--------------------------------------------------------
                                     18 	.area _DATA
                                     19 ;--------------------------------------------------------
                                     20 ; ram data
                                     21 ;--------------------------------------------------------
                                     22 	.area _INITIALIZED
                                     23 ;--------------------------------------------------------
                                     24 ; absolute external ram data
                                     25 ;--------------------------------------------------------
                                     26 	.area _DABS (ABS)
                                     27 ;--------------------------------------------------------
                                     28 ; global & static initialisations
                                     29 ;--------------------------------------------------------
                                     30 	.area _HOME
                                     31 	.area _GSINIT
                                     32 	.area _GSFINAL
                                     33 	.area _GSINIT
                                     34 ;--------------------------------------------------------
                                     35 ; Home
                                     36 ;--------------------------------------------------------
                                     37 	.area _HOME
                                     38 	.area _HOME
                                     39 ;--------------------------------------------------------
                                     40 ; code
                                     41 ;--------------------------------------------------------
                                     42 	.area _CODE
                                     43 	.area _CODE
    00000000                         44 _PauseTiles:
    00000000 FF                      45 	.db #0xff	; 255
    00000001 00                      46 	.db #0x00	; 0
    00000002 FF                      47 	.db #0xff	; 255
    00000003 7C                      48 	.db #0x7c	; 124
    00000004 FF                      49 	.db #0xff	; 255
    00000005 44                      50 	.db #0x44	; 68	'D'
    00000006 FF                      51 	.db #0xff	; 255
    00000007 7C                      52 	.db #0x7c	; 124
    00000008 FF                      53 	.db #0xff	; 255
    00000009 40                      54 	.db #0x40	; 64
    0000000A FF                      55 	.db #0xff	; 255
    0000000B 40                      56 	.db #0x40	; 64
    0000000C FF                      57 	.db #0xff	; 255
    0000000D 40                      58 	.db #0x40	; 64
    0000000E FF                      59 	.db #0xff	; 255
    0000000F 00                      60 	.db #0x00	; 0
    00000010 FF                      61 	.db #0xff	; 255
    00000011 00                      62 	.db #0x00	; 0
    00000012 FF                      63 	.db #0xff	; 255
    00000013 38                      64 	.db #0x38	; 56	'8'
    00000014 FF                      65 	.db #0xff	; 255
    00000015 44                      66 	.db #0x44	; 68	'D'
    00000016 FF                      67 	.db #0xff	; 255
    00000017 44                      68 	.db #0x44	; 68	'D'
    00000018 FF                      69 	.db #0xff	; 255
    00000019 7C                      70 	.db #0x7c	; 124
    0000001A FF                      71 	.db #0xff	; 255
    0000001B 44                      72 	.db #0x44	; 68	'D'
    0000001C FF                      73 	.db #0xff	; 255
    0000001D 44                      74 	.db #0x44	; 68	'D'
    0000001E FF                      75 	.db #0xff	; 255
    0000001F 00                      76 	.db #0x00	; 0
    00000020 FF                      77 	.db #0xff	; 255
    00000021 00                      78 	.db #0x00	; 0
    00000022 FF                      79 	.db #0xff	; 255
    00000023 44                      80 	.db #0x44	; 68	'D'
    00000024 FF                      81 	.db #0xff	; 255
    00000025 44                      82 	.db #0x44	; 68	'D'
    00000026 FF                      83 	.db #0xff	; 255
    00000027 44                      84 	.db #0x44	; 68	'D'
    00000028 FF                      85 	.db #0xff	; 255
    00000029 44                      86 	.db #0x44	; 68	'D'
    0000002A FF                      87 	.db #0xff	; 255
    0000002B 44                      88 	.db #0x44	; 68	'D'
    0000002C FF                      89 	.db #0xff	; 255
    0000002D 38                      90 	.db #0x38	; 56	'8'
    0000002E FF                      91 	.db #0xff	; 255
    0000002F 00                      92 	.db #0x00	; 0
    00000030 FF                      93 	.db #0xff	; 255
    00000031 00                      94 	.db #0x00	; 0
    00000032 FF                      95 	.db #0xff	; 255
    00000033 3C                      96 	.db #0x3c	; 60
    00000034 FF                      97 	.db #0xff	; 255
    00000035 40                      98 	.db #0x40	; 64
    00000036 FF                      99 	.db #0xff	; 255
    00000037 38                     100 	.db #0x38	; 56	'8'
    00000038 FF                     101 	.db #0xff	; 255
    00000039 04                     102 	.db #0x04	; 4
    0000003A FF                     103 	.db #0xff	; 255
    0000003B 44                     104 	.db #0x44	; 68	'D'
    0000003C FF                     105 	.db #0xff	; 255
    0000003D 38                     106 	.db #0x38	; 56	'8'
    0000003E FF                     107 	.db #0xff	; 255
    0000003F 00                     108 	.db #0x00	; 0
    00000040 FF                     109 	.db #0xff	; 255
    00000041 00                     110 	.db #0x00	; 0
    00000042 FF                     111 	.db #0xff	; 255
    00000043 7C                     112 	.db #0x7c	; 124
    00000044 FF                     113 	.db #0xff	; 255
    00000045 40                     114 	.db #0x40	; 64
    00000046 FF                     115 	.db #0xff	; 255
    00000047 78                     116 	.db #0x78	; 120	'x'
    00000048 FF                     117 	.db #0xff	; 255
    00000049 40                     118 	.db #0x40	; 64
    0000004A FF                     119 	.db #0xff	; 255
    0000004B 40                     120 	.db #0x40	; 64
    0000004C FF                     121 	.db #0xff	; 255
    0000004D 7C                     122 	.db #0x7c	; 124
    0000004E FF                     123 	.db #0xff	; 255
    0000004F 00                     124 	.db #0x00	; 0
                                    125 	.area _INITIALIZER
                                    126 	.area _CABS (ABS)
