                                      1 ;--------------------------------------------------------
                                      2 ; File Created by SDCC : free open source ISO C Compiler
                                      3 ; Version 4.5.1 #15267 (Linux)
                                      4 ;--------------------------------------------------------
                                      5 	.module tiles
                                      6 	
                                      7 ;--------------------------------------------------------
                                      8 ; Public variables in this module
                                      9 ;--------------------------------------------------------
                                     10 	.globl _TileData
                                     11 ;--------------------------------------------------------
                                     12 ; special function registers
                                     13 ;--------------------------------------------------------
                                     14 	.area _HRAM
                                     15 ;--------------------------------------------------------
                                     16 ; ram data
                                     17 ;--------------------------------------------------------
                                     18 	.area _DATA
                                     19 ;--------------------------------------------------------
                                     20 ; ram data
                                     21 ;--------------------------------------------------------
                                     22 	.area _INITIALIZED
                                     23 ;--------------------------------------------------------
                                     24 ; absolute external ram data
                                     25 ;--------------------------------------------------------
                                     26 	.area _DABS (ABS)
                                     27 ;--------------------------------------------------------
                                     28 ; global & static initialisations
                                     29 ;--------------------------------------------------------
                                     30 	.area _HOME
                                     31 	.area _GSINIT
                                     32 	.area _GSFINAL
                                     33 	.area _GSINIT
                                     34 ;--------------------------------------------------------
                                     35 ; Home
                                     36 ;--------------------------------------------------------
                                     37 	.area _HOME
                                     38 	.area _HOME
                                     39 ;--------------------------------------------------------
                                     40 ; code
                                     41 ;--------------------------------------------------------
                                     42 	.area _CODE
                                     43 	.area _CODE
    00000000                         44 _TileData:
    00000000 00                      45 	.db #0x00	; 0
    00000001 00                      46 	.db #0x00	; 0
    00000002 00                      47 	.db #0x00	; 0
    00000003 00                      48 	.db #0x00	; 0
    00000004 00                      49 	.db #0x00	; 0
    00000005 00                      50 	.db #0x00	; 0
    00000006 00                      51 	.db #0x00	; 0
    00000007 00                      52 	.db #0x00	; 0
    00000008 00                      53 	.db #0x00	; 0
    00000009 00                      54 	.db #0x00	; 0
    0000000A 00                      55 	.db #0x00	; 0
    0000000B 00                      56 	.db #0x00	; 0
    0000000C 00                      57 	.db #0x00	; 0
    0000000D 00                      58 	.db #0x00	; 0
    0000000E 00                      59 	.db #0x00	; 0
    0000000F 00                      60 	.db #0x00	; 0
    00000010 00                      61 	.db #0x00	; 0
    00000011 00                      62 	.db #0x00	; 0
    00000012 20                      63 	.db #0x20	; 32
    00000013 00                      64 	.db #0x00	; 0
    00000014 00                      65 	.db #0x00	; 0
    00000015 00                      66 	.db #0x00	; 0
    00000016 00                      67 	.db #0x00	; 0
    00000017 00                      68 	.db #0x00	; 0
    00000018 00                      69 	.db #0x00	; 0
    00000019 00                      70 	.db #0x00	; 0
    0000001A 01                      71 	.db #0x01	; 1
    0000001B 00                      72 	.db #0x00	; 0
    0000001C 00                      73 	.db #0x00	; 0
    0000001D 00                      74 	.db #0x00	; 0
    0000001E 00                      75 	.db #0x00	; 0
    0000001F 00                      76 	.db #0x00	; 0
    00000020 00                      77 	.db #0x00	; 0
    00000021 00                      78 	.db #0x00	; 0
    00000022 00                      79 	.db #0x00	; 0
    00000023 00                      80 	.db #0x00	; 0
    00000024 60                      81 	.db #0x60	; 96
    00000025 00                      82 	.db #0x00	; 0
    00000026 10                      83 	.db #0x10	; 16
    00000027 00                      84 	.db #0x00	; 0
    00000028 00                      85 	.db #0x00	; 0
    00000029 00                      86 	.db #0x00	; 0
    0000002A 00                      87 	.db #0x00	; 0
    0000002B 00                      88 	.db #0x00	; 0
    0000002C 00                      89 	.db #0x00	; 0
    0000002D 00                      90 	.db #0x00	; 0
    0000002E 00                      91 	.db #0x00	; 0
    0000002F 00                      92 	.db #0x00	; 0
    00000030 00                      93 	.db #0x00	; 0
    00000031 00                      94 	.db #0x00	; 0
    00000032 00                      95 	.db #0x00	; 0
    00000033 00                      96 	.db #0x00	; 0
    00000034 00                      97 	.db #0x00	; 0
    00000035 00                      98 	.db #0x00	; 0
    00000036 02                      99 	.db #0x02	; 2
    00000037 00                     100 	.db #0x00	; 0
    00000038 04                     101 	.db #0x04	; 4
    00000039 00                     102 	.db #0x00	; 0
    0000003A 08                     103 	.db #0x08	; 8
    0000003B 00                     104 	.db #0x00	; 0
    0000003C 00                     105 	.db #0x00	; 0
    0000003D 00                     106 	.db #0x00	; 0
    0000003E 00                     107 	.db #0x00	; 0
    0000003F 00                     108 	.db #0x00	; 0
    00000040 00                     109 	.db #0x00	; 0
    00000041 00                     110 	.db #0x00	; 0
    00000042 00                     111 	.db #0x00	; 0
    00000043 00                     112 	.db #0x00	; 0
    00000044 00                     113 	.db #0x00	; 0
    00000045 00                     114 	.db #0x00	; 0
    00000046 00                     115 	.db #0x00	; 0
    00000047 00                     116 	.db #0x00	; 0
    00000048 20                     117 	.db #0x20	; 32
    00000049 00                     118 	.db #0x00	; 0
    0000004A 18                     119 	.db #0x18	; 24
    0000004B 00                     120 	.db #0x00	; 0
    0000004C 04                     121 	.db #0x04	; 4
    0000004D 00                     122 	.db #0x00	; 0
    0000004E 00                     123 	.db #0x00	; 0
    0000004F 00                     124 	.db #0x00	; 0
    00000050 00                     125 	.db #0x00	; 0
    00000051 00                     126 	.db #0x00	; 0
    00000052 00                     127 	.db #0x00	; 0
    00000053 00                     128 	.db #0x00	; 0
    00000054 00                     129 	.db #0x00	; 0
    00000055 00                     130 	.db #0x00	; 0
    00000056 10                     131 	.db #0x10	; 16
    00000057 00                     132 	.db #0x00	; 0
    00000058 00                     133 	.db #0x00	; 0
    00000059 00                     134 	.db #0x00	; 0
    0000005A 08                     135 	.db #0x08	; 8
    0000005B 00                     136 	.db #0x00	; 0
    0000005C 00                     137 	.db #0x00	; 0
    0000005D 00                     138 	.db #0x00	; 0
    0000005E 00                     139 	.db #0x00	; 0
    0000005F 00                     140 	.db #0x00	; 0
    00000060 3C                     141 	.db #0x3c	; 60
    00000061 00                     142 	.db #0x00	; 0
    00000062 7E                     143 	.db #0x7e	; 126
    00000063 00                     144 	.db #0x00	; 0
    00000064 A5                     145 	.db #0xa5	; 165
    00000065 7A                     146 	.db #0x7a	; 122	'z'
    00000066 90                     147 	.db #0x90	; 144
    00000067 EE                     148 	.db #0xee	; 238
    00000068 48                     149 	.db #0x48	; 72	'H'
    00000069 3F                     150 	.db #0x3f	; 63
    0000006A 1E                     151 	.db #0x1e	; 30
    0000006B FE                     152 	.db #0xfe	; 254
    0000006C 7E                     153 	.db #0x7e	; 126
    0000006D 7E                     154 	.db #0x7e	; 126
    0000006E 30                     155 	.db #0x30	; 48	'0'
    0000006F 30                     156 	.db #0x30	; 48	'0'
    00000070 6C                     157 	.db #0x6c	; 108	'l'
    00000071 00                     158 	.db #0x00	; 0
    00000072 FE                     159 	.db #0xfe	; 254
    00000073 00                     160 	.db #0x00	; 0
    00000074 93                     161 	.db #0x93	; 147
    00000075 6E                     162 	.db #0x6e	; 110	'n'
    00000076 24                     163 	.db #0x24	; 36
    00000077 FB                     164 	.db #0xfb	; 251
    00000078 90                     165 	.db #0x90	; 144
    00000079 EE                     166 	.db #0xee	; 238
    0000007A 6A                     167 	.db #0x6a	; 106	'j'
    0000007B FF                     168 	.db #0xff	; 255
    0000007C FE                     169 	.db #0xfe	; 254
    0000007D FE                     170 	.db #0xfe	; 254
    0000007E 9C                     171 	.db #0x9c	; 156
    0000007F 9C                     172 	.db #0x9c	; 156
    00000080 0C                     173 	.db #0x0c	; 12
    00000081 00                     174 	.db #0x00	; 0
    00000082 7E                     175 	.db #0x7e	; 126
    00000083 00                     176 	.db #0x00	; 0
    00000084 36                     177 	.db #0x36	; 54	'6'
    00000085 4D                     178 	.db #0x4d	; 77	'M'
    00000086 48                     179 	.db #0x48	; 72	'H'
    00000087 B6                     180 	.db #0xb6	; 182
    00000088 12                     181 	.db #0x12	; 18
    00000089 7D                     182 	.db #0x7d	; 125
    0000008A 48                     183 	.db #0x48	; 72	'H'
    0000008B 76                     184 	.db #0x76	; 118	'v'
    0000008C 24                     185 	.db #0x24	; 36
    0000008D 5E                     186 	.db #0x5e	; 94
    0000008E 0A                     187 	.db #0x0a	; 10
    0000008F 7C                     188 	.db #0x7c	; 124
    00000090 64                     189 	.db #0x64	; 100	'd'
    00000091 00                     190 	.db #0x00	; 0
    00000092 FE                     191 	.db #0xfe	; 254
    00000093 00                     192 	.db #0x00	; 0
    00000094 DB                     193 	.db #0xdb	; 219
    00000095 26                     194 	.db #0x26	; 38
    00000096 A4                     195 	.db #0xa4	; 164
    00000097 5E                     196 	.db #0x5e	; 94
    00000098 49                     197 	.db #0x49	; 73	'I'
    00000099 B7                     198 	.db #0xb7	; 183
    0000009A 12                     199 	.db #0x12	; 18
    0000009B FD                     200 	.db #0xfd	; 253
    0000009C C8                     201 	.db #0xc8	; 200
    0000009D F6                     202 	.db #0xf6	; 246
    0000009E 24                     203 	.db #0x24	; 36
    0000009F DF                     204 	.db #0xdf	; 223
    000000A0 36                     205 	.db #0x36	; 54	'6'
    000000A1 00                     206 	.db #0x00	; 0
    000000A2 7F                     207 	.db #0x7f	; 127
    000000A3 00                     208 	.db #0x00	; 0
    000000A4 D9                     209 	.db #0xd9	; 217
    000000A5 36                     210 	.db #0x36	; 54	'6'
    000000A6 25                     211 	.db #0x25	; 37
    000000A7 DB                     212 	.db #0xdb	; 219
    000000A8 52                     213 	.db #0x52	; 82	'R'
    000000A9 2F                     214 	.db #0x2f	; 47
    000000AA BD                     215 	.db #0xbd	; 189
    000000AB DF                     216 	.db #0xdf	; 223
    000000AC 7F                     217 	.db #0x7f	; 127
    000000AD 7F                     218 	.db #0x7f	; 127
    000000AE 22                     219 	.db #0x22	; 34
    000000AF 22                     220 	.db #0x22	; 34
    000000B0 5A                     221 	.db #0x5a	; 90	'Z'
    000000B1 00                     222 	.db #0x00	; 0
    000000B2 FF                     223 	.db #0xff	; 255
    000000B3 00                     224 	.db #0x00	; 0
    000000B4 A5                     225 	.db #0xa5	; 165
    000000B5 5A                     226 	.db #0x5a	; 90	'Z'
    000000B6 90                     227 	.db #0x90	; 144
    000000B7 7F                     228 	.db #0x7f	; 127
    000000B8 25                     229 	.db #0x25	; 37
    000000B9 DB                     230 	.db #0xdb	; 219
    000000BA 72                     231 	.db #0x72	; 114	'r'
    000000BB FF                     232 	.db #0xff	; 255
    000000BC FF                     233 	.db #0xff	; 255
    000000BD FF                     234 	.db #0xff	; 255
    000000BE 8F                     235 	.db #0x8f	; 143
    000000BF 8F                     236 	.db #0x8f	; 143
    000000C0 1F                     237 	.db #0x1f	; 31
    000000C1 00                     238 	.db #0x00	; 0
    000000C2 7F                     239 	.db #0x7f	; 127
    000000C3 00                     240 	.db #0x00	; 0
    000000C4 29                     241 	.db #0x29	; 41
    000000C5 57                     242 	.db #0x57	; 87	'W'
    000000C6 02                     243 	.db #0x02	; 2
    000000C7 7F                     244 	.db #0x7f	; 127
    000000C8 48                     245 	.db #0x48	; 72	'H'
    000000C9 3F                     246 	.db #0x3f	; 63
    000000CA 92                     247 	.db #0x92	; 146
    000000CB ED                     248 	.db #0xed	; 237
    000000CC 29                     249 	.db #0x29	; 41
    000000CD 57                     250 	.db #0x57	; 87	'W'
    000000CE 52                     251 	.db #0x52	; 82	'R'
    000000CF 6D                     252 	.db #0x6d	; 109	'm'
    000000D0 18                     253 	.db #0x18	; 24
    000000D1 00                     254 	.db #0x00	; 0
    000000D2 FF                     255 	.db #0xff	; 255
    000000D3 00                     256 	.db #0x00	; 0
    000000D4 F7                     257 	.db #0xf7	; 247
    000000D5 18                     258 	.db #0x18	; 24
    000000D6 09                     259 	.db #0x09	; 9
    000000D7 F7                     260 	.db #0xf7	; 247
    000000D8 82                     261 	.db #0x82	; 130
    000000D9 7F                     262 	.db #0x7f	; 127
    000000DA 48                     263 	.db #0x48	; 72	'H'
    000000DB BF                     264 	.db #0xbf	; 191
    000000DC 92                     265 	.db #0x92	; 146
    000000DD ED                     266 	.db #0xed	; 237
    000000DE 29                     267 	.db #0x29	; 41
    000000DF D7                     268 	.db #0xd7	; 215
    000000E0 94                     269 	.db #0x94	; 148
    000000E1 EB                     270 	.db #0xeb	; 235
    000000E2 29                     271 	.db #0x29	; 41
    000000E3 76                     272 	.db #0x76	; 118	'v'
    000000E4 42                     273 	.db #0x42	; 66	'B'
    000000E5 3E                     274 	.db #0x3e	; 62
    000000E6 18                     275 	.db #0x18	; 24
    000000E7 FE                     276 	.db #0xfe	; 254
    000000E8 04                     277 	.db #0x04	; 4
    000000E9 7A                     278 	.db #0x7a	; 122	'z'
    000000EA DA                     279 	.db #0xda	; 218
    000000EB FE                     280 	.db #0xfe	; 254
    000000EC 7E                     281 	.db #0x7e	; 126
    000000ED 7E                     282 	.db #0x7e	; 126
    000000EE 24                     283 	.db #0x24	; 36
    000000EF 24                     284 	.db #0x24	; 36
    000000F0 48                     285 	.db #0x48	; 72	'H'
    000000F1 F6                     286 	.db #0xf6	; 246
    000000F2 94                     287 	.db #0x94	; 148
    000000F3 EA                     288 	.db #0xea	; 234
    000000F4 29                     289 	.db #0x29	; 41
    000000F5 F6                     290 	.db #0xf6	; 246
    000000F6 42                     291 	.db #0x42	; 66	'B'
    000000F7 BE                     292 	.db #0xbe	; 190
    000000F8 19                     293 	.db #0x19	; 25
    000000F9 FE                     294 	.db #0xfe	; 254
    000000FA DC                     295 	.db #0xdc	; 220
    000000FB FF                     296 	.db #0xff	; 255
    000000FC FE                     297 	.db #0xfe	; 254
    000000FD FE                     298 	.db #0xfe	; 254
    000000FE 20                     299 	.db #0x20	; 32
    000000FF 20                     300 	.db #0x20	; 32
    00000100 12                     301 	.db #0x12	; 18
    00000101 EF                     302 	.db #0xef	; 239
    00000102 A4                     303 	.db #0xa4	; 164
    00000103 7A                     304 	.db #0x7a	; 122	'z'
    00000104 4A                     305 	.db #0x4a	; 74	'J'
    00000105 75                     306 	.db #0x75	; 117	'u'
    00000106 14                     307 	.db #0x14	; 20
    00000107 7B                     308 	.db #0x7b	; 123
    00000108 20                     309 	.db #0x20	; 32
    00000109 5E                     310 	.db #0x5e	; 94
    0000010A 0C                     311 	.db #0x0c	; 12
    0000010B 7E                     312 	.db #0x7e	; 126
    0000010C 42                     313 	.db #0x42	; 66	'B'
    0000010D 7C                     314 	.db #0x7c	; 124
    0000010E 20                     315 	.db #0x20	; 32
    0000010F 5E                     316 	.db #0x5e	; 94
    00000110 A0                     317 	.db #0xa0	; 160
    00000111 DE                     318 	.db #0xde	; 222
    00000112 12                     319 	.db #0x12	; 18
    00000113 EF                     320 	.db #0xef	; 239
    00000114 A4                     321 	.db #0xa4	; 164
    00000115 7B                     322 	.db #0x7b	; 123
    00000116 4A                     323 	.db #0x4a	; 74	'J'
    00000117 F5                     324 	.db #0xf5	; 245
    00000118 94                     325 	.db #0x94	; 148
    00000119 7A                     326 	.db #0x7a	; 122	'z'
    0000011A 20                     327 	.db #0x20	; 32
    0000011B DE                     328 	.db #0xde	; 222
    0000011C 8C                     329 	.db #0x8c	; 140
    0000011D 7F                     330 	.db #0x7f	; 127
    0000011E 42                     331 	.db #0x42	; 66	'B'
    0000011F FD                     332 	.db #0xfd	; 253
    00000120 21                     333 	.db #0x21	; 33
    00000121 FE                     334 	.db #0xfe	; 254
    00000122 50                     335 	.db #0x50	; 80	'P'
    00000123 6F                     336 	.db #0x6f	; 111	'o'
    00000124 09                     337 	.db #0x09	; 9
    00000125 77                     338 	.db #0x77	; 119	'w'
    00000126 52                     339 	.db #0x52	; 82	'R'
    00000127 3D                     340 	.db #0x3d	; 61
    00000128 25                     341 	.db #0x25	; 37
    00000129 FA                     342 	.db #0xfa	; 250
    0000012A 4F                     343 	.db #0x4f	; 79	'O'
    0000012B 3F                     344 	.db #0x3f	; 63
    0000012C 7F                     345 	.db #0x7f	; 127
    0000012D 7F                     346 	.db #0x7f	; 127
    0000012E 38                     347 	.db #0x38	; 56	'8'
    0000012F 38                     348 	.db #0x38	; 56	'8'
    00000130 46                     349 	.db #0x46	; 70	'F'
    00000131 BF                     350 	.db #0xbf	; 191
    00000132 21                     351 	.db #0x21	; 33
    00000133 FE                     352 	.db #0xfe	; 254
    00000134 50                     353 	.db #0x50	; 80	'P'
    00000135 EF                     354 	.db #0xef	; 239
    00000136 09                     355 	.db #0x09	; 9
    00000137 F7                     356 	.db #0xf7	; 247
    00000138 52                     357 	.db #0x52	; 82	'R'
    00000139 BD                     358 	.db #0xbd	; 189
    0000013A BD                     359 	.db #0xbd	; 189
    0000013B FA                     360 	.db #0xfa	; 250
    0000013C FF                     361 	.db #0xff	; 255
    0000013D FF                     362 	.db #0xff	; 255
    0000013E 67                     363 	.db #0x67	; 103	'g'
    0000013F 67                     364 	.db #0x67	; 103	'g'
    00000140 48                     365 	.db #0x48	; 72	'H'
    00000141 F7                     366 	.db #0xf7	; 247
    00000142 23                     367 	.db #0x23	; 35
    00000143 DF                     368 	.db #0xdf	; 223
    00000144 10                     369 	.db #0x10	; 16
    00000145 7F                     370 	.db #0x7f	; 127
    00000146 28                     371 	.db #0x28	; 40
    00000147 77                     372 	.db #0x77	; 119	'w'
    00000148 84                     373 	.db #0x84	; 132
    00000149 FB                     374 	.db #0xfb	; 251
    0000014A 29                     375 	.db #0x29	; 41
    0000014B 5E                     376 	.db #0x5e	; 94
    0000014C 92                     377 	.db #0x92	; 146
    0000014D 7D                     378 	.db #0x7d	; 125
    0000014E 25                     379 	.db #0x25	; 37
    0000014F 5E                     380 	.db #0x5e	; 94
    00000150 25                     381 	.db #0x25	; 37
    00000151 DE                     382 	.db #0xde	; 222
    00000152 48                     383 	.db #0x48	; 72	'H'
    00000153 F7                     384 	.db #0xf7	; 247
    00000154 23                     385 	.db #0x23	; 35
    00000155 DF                     386 	.db #0xdf	; 223
    00000156 90                     387 	.db #0x90	; 144
    00000157 7F                     388 	.db #0x7f	; 127
    00000158 28                     389 	.db #0x28	; 40
    00000159 F7                     390 	.db #0xf7	; 247
    0000015A 84                     391 	.db #0x84	; 132
    0000015B FB                     392 	.db #0xfb	; 251
    0000015C 29                     393 	.db #0x29	; 41
    0000015D DE                     394 	.db #0xde	; 222
    0000015E 92                     395 	.db #0x92	; 146
    0000015F 7D                     396 	.db #0x7d	; 125
                                    397 	.area _INITIALIZER
                                    398 	.area _CABS (ABS)
